TN:
SF:/Users/vincent/Work/RS-VIO/src/calibration/acceptance_validator.rs
FN:46,AcceptanceStatus::as_str
FN:58,<impl Display for AcceptanceStatus>::fmt
FN:73,CalibrationAcceptanceValidator::new
FN:81,CalibrationAcceptanceValidator::with_thresholds
FN:89,CalibrationAcceptanceValidator::record_metric
FN:94,CalibrationAcceptanceValidator::validate
FN:265,CalibrationAcceptanceValidator::score_reprojection
FN:271,CalibrationAcceptanceValidator::score_vertical_disparity
FN:277,CalibrationAcceptanceValidator::score_epipolar
FN:283,CalibrationAcceptanceValidator::score_timing_observability
FN:289,CalibrationAcceptanceValidator::score_time_jitter
FN:296,CalibrationAcceptanceValidator::score_lower_is_better
FN:313,CalibrationAcceptanceValidator::score_higher_is_better
FN:332,CalibrationAcceptanceReport::print_report
FN:364,CalibrationAcceptanceReport::to_json
FNF:15
FNDA:0,AcceptanceStatus::as_str
FNDA:0,<impl Display for AcceptanceStatus>::fmt
FNDA:3,CalibrationAcceptanceValidator::new
FNDA:1,CalibrationAcceptanceValidator::with_thresholds
FNDA:14,CalibrationAcceptanceValidator::record_metric
FNDA:4,CalibrationAcceptanceValidator::validate
FNDA:4,CalibrationAcceptanceValidator::score_reprojection
FNDA:3,CalibrationAcceptanceValidator::score_vertical_disparity
FNDA:2,CalibrationAcceptanceValidator::score_epipolar
FNDA:3,CalibrationAcceptanceValidator::score_timing_observability
FNDA:2,CalibrationAcceptanceValidator::score_time_jitter
FNDA:11,CalibrationAcceptanceValidator::score_lower_is_better
FNDA:3,CalibrationAcceptanceValidator::score_higher_is_better
FNDA:0,CalibrationAcceptanceReport::print_report
FNDA:0,CalibrationAcceptanceReport::to_json
DA:46,0
DA:47,0
DA:48,0
DA:49,0
DA:50,0
DA:51,0
DA:52,0
DA:58,0
DA:59,0
DA:73,3
DA:75,3
DA:76,3
DA:81,1
DA:84,1
DA:89,14
DA:90,70
DA:94,4
DA:95,8
DA:96,8
DA:97,8
DA:98,8
DA:99,8
DA:102,12
DA:103,16
DA:104,8
DA:105,8
DA:106,4
DA:107,12
DA:108,8
DA:109,8
DA:110,8
DA:111,8
DA:112,8
DA:113,4
DA:117,4
DA:118,4
DA:120,5
DA:121,5
DA:122,3
DA:123,1
DA:125,4
DA:126,0
DA:127,0
DA:132,11
DA:133,12
DA:134,6
DA:135,6
DA:136,3
DA:137,9
DA:138,6
DA:139,3
DA:140,6
DA:141,6
DA:142,6
DA:143,3
DA:147,3
DA:148,3
DA:150,4
DA:151,5
DA:152,2
DA:153,2
DA:158,10
DA:159,8
DA:160,4
DA:161,4
DA:162,2
DA:163,6
DA:164,4
DA:165,2
DA:166,4
DA:167,4
DA:168,4
DA:169,2
DA:173,2
DA:174,2
DA:176,2
DA:177,0
DA:178,0
DA:179,0
DA:184,11
DA:185,12
DA:186,6
DA:187,6
DA:188,3
DA:189,9
DA:190,6
DA:191,3
DA:192,6
DA:193,6
DA:194,6
DA:195,3
DA:199,3
DA:200,3
DA:202,4
DA:203,5
DA:204,3
DA:205,1
DA:206,1
DA:212,10
DA:213,8
DA:214,4
DA:215,4
DA:216,2
DA:217,6
DA:218,4
DA:219,2
DA:220,4
DA:221,4
DA:222,4
DA:223,2
DA:227,2
DA:228,2
DA:230,2
DA:231,0
DA:232,0
DA:233,0
DA:237,8
DA:238,4
DA:240,0
DA:243,16
DA:244,6
DA:245,1
DA:246,2
DA:247,1
DA:249,1
DA:251,3
DA:253,1
DA:265,4
DA:266,8
DA:267,8
DA:268,20
DA:271,3
DA:272,6
DA:273,6
DA:274,15
DA:277,2
DA:278,4
DA:279,4
DA:280,10
DA:283,3
DA:284,6
DA:285,6
DA:286,15
DA:289,2
DA:290,4
DA:291,4
DA:292,10
DA:296,11
DA:297,11
DA:298,4
DA:299,7
DA:300,15
DA:301,10
DA:302,5
DA:303,2
DA:304,0
DA:305,2
DA:306,0
DA:308,2
DA:313,3
DA:314,3
DA:315,1
DA:316,2
DA:317,3
DA:318,2
DA:319,1
DA:320,1
DA:321,0
DA:322,1
DA:323,0
DA:325,1
DA:332,0
DA:333,0
DA:334,0
DA:335,0
DA:336,0
DA:337,0
DA:340,0
DA:341,0
DA:342,0
DA:343,0
DA:344,0
DA:348,0
DA:349,0
DA:350,0
DA:351,0
DA:355,0
DA:356,0
DA:357,0
DA:358,0
DA:364,0
DA:365,0
DA:374,0
DA:375,0
DA:377,0
DA:378,0
DA:379,0
DA:384,0
DA:386,0
DA:387,0
DA:389,0
DA:390,0
DA:391,0
DA:392,0
DA:393,0
DA:394,0
DA:395,0
DA:396,0
DA:397,0
DA:398,0
DA:399,0
DA:400,0
DA:401,0
DA:404,0
LF:214
LH:149
end_of_record
TN:
SF:/Users/vincent/Work/RS-VIO/src/calibration/camera_imu_extrinsics.rs
FN:31,CameraIMUExtrinsics::identity
FN:46,CameraIMUExtrinsics::transform_imu_to_camera
FN:51,CameraIMUExtrinsics::as_isometry
FN:59,CameraIMUExtrinsics::is_reasonable
FN:97,CameraIMUExtrinsicsEstimator::new
FN:105,CameraIMUExtrinsicsEstimator::add_observation
FN:123,CameraIMUExtrinsicsEstimator::estimate
FN:178,CameraIMUExtrinsicsEstimator::compute_timing_cost
FN:200,CameraIMUExtrinsicsEstimator::compute_spatial_cost
FN:230,CameraIMUExtrinsicsEstimator::check_timing_observability
FN:282,OnlineTimeOffsetMonitor::new
FN:296,OnlineTimeOffsetMonitor::add_timing_residual
FN:313,OnlineTimeOffsetMonitor::estimate_drift_rate
FN:343,OnlineTimeOffsetMonitor::check_drift
FN:353,OnlineTimeOffsetMonitor::apply_drift_correction
FN:359,OnlineTimeOffsetMonitor::get_current_offset
FN:364,OnlineTimeOffsetMonitor::get_drift_statistics
FN:403,CameraIMUQuality::from_estimate
FNF:18
FNDA:0,CameraIMUExtrinsics::identity
FNDA:1,CameraIMUExtrinsics::transform_imu_to_camera
FNDA:0,CameraIMUExtrinsics::as_isometry
FNDA:1,CameraIMUExtrinsics::is_reasonable
FNDA:0,CameraIMUExtrinsicsEstimator::new
FNDA:0,CameraIMUExtrinsicsEstimator::add_observation
FNDA:0,CameraIMUExtrinsicsEstimator::estimate
FNDA:0,CameraIMUExtrinsicsEstimator::compute_timing_cost
FNDA:0,CameraIMUExtrinsicsEstimator::compute_spatial_cost
FNDA:0,CameraIMUExtrinsicsEstimator::check_timing_observability
FNDA:1,OnlineTimeOffsetMonitor::new
FNDA:20,OnlineTimeOffsetMonitor::add_timing_residual
FNDA:11,OnlineTimeOffsetMonitor::estimate_drift_rate
FNDA:1,OnlineTimeOffsetMonitor::check_drift
FNDA:0,OnlineTimeOffsetMonitor::apply_drift_correction
FNDA:0,OnlineTimeOffsetMonitor::get_current_offset
FNDA:0,OnlineTimeOffsetMonitor::get_drift_statistics
FNDA:0,CameraIMUQuality::from_estimate
DA:31,0
DA:33,0
DA:34,0
DA:37,0
DA:46,1
DA:47,1
DA:51,0
DA:53,0
DA:54,0
DA:59,1
DA:61,1
DA:62,0
DA:66,1
DA:67,0
DA:71,2
DA:72,1
DA:74,1
DA:75,0
DA:78,1
DA:97,0
DA:99,0
DA:105,0
DA:112,0
DA:113,0
DA:114,0
DA:115,0
DA:116,0
DA:123,0
DA:124,0
DA:125,0
DA:129,0
DA:132,0
DA:133,0
DA:135,0
DA:136,0
DA:139,0
DA:140,0
DA:141,0
DA:143,0
DA:144,0
DA:146,0
DA:147,0
DA:148,0
DA:152,0
DA:155,0
DA:156,0
DA:157,0
DA:158,0
DA:159,0
DA:160,0
DA:161,0
DA:166,0
DA:167,0
DA:168,0
DA:170,0
DA:171,0
DA:174,0
DA:178,0
DA:179,0
DA:180,0
DA:182,0
DA:185,0
DA:186,0
DA:188,0
DA:189,0
DA:192,0
DA:193,0
DA:196,0
DA:200,0
DA:201,0
DA:202,0
DA:204,0
DA:206,0
DA:208,0
DA:210,0
DA:211,0
DA:212,0
DA:213,0
DA:215,0
DA:216,0
DA:217,0
DA:218,0
DA:222,0
DA:223,0
DA:226,0
DA:230,0
DA:231,0
DA:232,0
DA:234,0
DA:235,0
DA:236,0
DA:238,0
DA:239,0
DA:240,0
DA:241,0
DA:242,0
DA:248,0
DA:249,0
DA:251,0
DA:282,1
DA:288,1
DA:290,1
DA:296,20
DA:297,60
DA:298,60
DA:301,40
DA:302,0
DA:303,0
DA:307,31
DA:308,11
DA:313,11
DA:314,11
DA:315,0
DA:318,33
DA:319,11
DA:320,0
DA:324,33
DA:325,33
DA:327,22
DA:328,22
DA:330,341
DA:331,495
DA:332,495
DA:333,330
DA:334,165
DA:337,22
DA:338,11
DA:343,1
DA:344,3
DA:345,4
DA:346,2
DA:348,2
DA:349,1
DA:353,0
DA:354,0
DA:355,0
DA:359,0
DA:360,0
DA:364,0
DA:365,0
DA:366,0
DA:368,0
DA:371,0
DA:372,0
DA:374,0
DA:375,0
DA:376,0
DA:377,0
DA:378,0
DA:379,0
DA:380,0
DA:383,0
DA:403,0
DA:404,0
DA:405,0
DA:408,0
DA:409,0
DA:410,0
DA:411,0
LF:159
LH:39
end_of_record
TN:
SF:/Users/vincent/Work/RS-VIO/src/calibration/camera_intrinsics.rs
FN:30,CameraIntrinsicsEstimate::from_image_size
FN:49,CameraIntrinsicsEstimate::camera_matrix
FN:54,CameraIntrinsicsEstimate::apply_distortion
FN:74,CameraIntrinsicsEstimate::project_point
FN:99,CameraIntrinsicsEstimate::reprojection_error
FN:130,CameraIntrinsicsEstimate::is_reasonable
FN:167,CameraIntrinsicsCalibrator::new
FN:177,CameraIntrinsicsCalibrator::add_observation
FN:187,CameraIntrinsicsCalibrator::set_camera_pose
FN:199,CameraIntrinsicsCalibrator::calibrate
FN:253,IntrinsicsQuality::from_estimate
FNF:11
FNDA:1,CameraIntrinsicsEstimate::from_image_size
FNDA:0,CameraIntrinsicsEstimate::camera_matrix
FNDA:1,CameraIntrinsicsEstimate::apply_distortion
FNDA:1,CameraIntrinsicsEstimate::project_point
FNDA:0,CameraIntrinsicsEstimate::reprojection_error
FNDA:1,CameraIntrinsicsEstimate::is_reasonable
FNDA:0,CameraIntrinsicsCalibrator::new
FNDA:0,CameraIntrinsicsCalibrator::add_observation
FNDA:0,CameraIntrinsicsCalibrator::set_camera_pose
FNDA:0,CameraIntrinsicsCalibrator::calibrate
FNDA:0,IntrinsicsQuality::from_estimate
DA:30,1
DA:31,2
DA:32,2
DA:33,2
DA:34,2
DA:41,2
DA:43,1
DA:44,1
DA:49,0
DA:50,0
DA:54,1
DA:55,3
DA:56,2
DA:58,4
DA:59,4
DA:60,4
DA:61,4
DA:64,3
DA:67,6
DA:68,6
DA:70,1
DA:74,1
DA:75,1
DA:76,0
DA:80,2
DA:81,2
DA:84,5
DA:87,2
DA:88,2
DA:90,2
DA:99,0
DA:105,0
DA:107,0
DA:108,0
DA:110,0
DA:112,0
DA:115,0
DA:116,0
DA:117,0
DA:118,0
DA:122,0
DA:123,0
DA:126,0
DA:130,1
DA:132,2
DA:133,0
DA:135,2
DA:136,0
DA:140,2
DA:141,0
DA:145,2
DA:146,1
DA:147,0
DA:151,1
DA:167,0
DA:169,0
DA:170,0
DA:177,0
DA:183,0
DA:187,0
DA:193,0
DA:199,0
DA:200,0
DA:201,0
DA:205,0
DA:206,0
DA:212,0
DA:213,0
DA:215,0
DA:216,0
DA:217,0
DA:218,0
DA:219,0
DA:220,0
DA:221,0
DA:222,0
DA:223,0
DA:228,0
DA:229,0
DA:230,0
DA:231,0
DA:232,0
DA:234,0
DA:253,0
DA:254,0
DA:256,0
DA:257,0
DA:259,0
DA:262,0
DA:263,0
DA:265,0
DA:268,0
DA:269,0
DA:270,0
DA:273,0
DA:275,0
LF:96
LH:34
end_of_record
TN:
SF:/Users/vincent/Work/RS-VIO/src/calibration/imu_intrinsics.rs
FN:34,IMUIntrinsics::identity
FN:50,IMUIntrinsics::calibrate_gyro
FN:61,IMUIntrinsics::calibrate_accel
FN:72,IMUIntrinsics::is_reasonable
FN:107,IMUIntrinsicsCalibrator::new
FN:116,IMUIntrinsicsCalibrator::add_static_sample
FN:129,IMUIntrinsicsCalibrator::add_multi_orientation_sample
FN:134,IMUIntrinsicsCalibrator::estimate_biases
FN:155,IMUIntrinsicsCalibrator::estimate_accel_scale
FN:176,IMUIntrinsicsCalibrator::estimate_noise
FN:217,IMUIntrinsicsCalibrator::calibrate
FN:261,IMUQuality::from_intrinsics
FNF:12
FNDA:1,IMUIntrinsics::identity
FNDA:1,IMUIntrinsics::calibrate_gyro
FNDA:0,IMUIntrinsics::calibrate_accel
FNDA:1,IMUIntrinsics::is_reasonable
FNDA:1,IMUIntrinsicsCalibrator::new
FNDA:100,IMUIntrinsicsCalibrator::add_static_sample
FNDA:0,IMUIntrinsicsCalibrator::add_multi_orientation_sample
FNDA:1,IMUIntrinsicsCalibrator::estimate_biases
FNDA:0,IMUIntrinsicsCalibrator::estimate_accel_scale
FNDA:0,IMUIntrinsicsCalibrator::estimate_noise
FNDA:0,IMUIntrinsicsCalibrator::calibrate
FNDA:0,IMUQuality::from_intrinsics
DA:34,1
DA:36,2
DA:37,2
DA:38,2
DA:39,2
DA:40,1
DA:41,1
DA:50,1
DA:52,1
DA:53,1
DA:54,1
DA:57,1
DA:61,0
DA:63,0
DA:64,0
DA:65,0
DA:68,0
DA:72,1
DA:74,5
DA:75,3
DA:76,0
DA:79,5
DA:80,3
DA:81,0
DA:86,1
DA:87,0
DA:89,1
DA:90,0
DA:93,1
DA:107,1
DA:109,2
DA:110,1
DA:111,1
DA:116,100
DA:117,300
DA:118,300
DA:122,100
DA:123,0
DA:124,0
DA:129,0
DA:130,0
DA:134,1
DA:135,2
DA:136,2
DA:138,305
DA:139,200
DA:140,100
DA:143,2
DA:144,2
DA:145,2
DA:146,1
DA:149,1
DA:155,0
DA:158,0
DA:159,0
DA:163,0
DA:164,0
DA:165,0
DA:167,0
DA:169,0
DA:170,0
DA:176,0
DA:177,0
DA:178,0
DA:182,0
DA:183,0
DA:185,0
DA:186,0
DA:187,0
DA:189,0
DA:192,0
DA:193,0
DA:195,0
DA:199,0
DA:200,0
DA:202,0
DA:203,0
DA:206,0
DA:207,0
DA:209,0
DA:210,0
DA:213,0
DA:217,0
DA:218,0
DA:219,0
DA:222,0
DA:223,0
DA:224,0
DA:227,0
DA:228,0
DA:230,0
DA:235,0
DA:236,0
DA:239,0
DA:240,0
DA:243,0
DA:261,0
DA:262,0
DA:263,0
DA:266,0
DA:267,0
DA:268,0
DA:270,0
DA:271,0
DA:272,0
LF:105
LH:39
end_of_record
TN:
SF:/Users/vincent/Work/RS-VIO/src/calibration/online_intrinsics.rs
FN:102,<impl Default for IntrinsicsRefinerConfig>::default
FN:150,OnlineIntrinsicsRefiner::new
FN:181,OnlineIntrinsicsRefiner::update
FN:202,OnlineIntrinsicsRefiner::refine_intrinsics
FN:242,OnlineIntrinsicsRefiner::compute_gradient
FN:266,OnlineIntrinsicsRefiner::compute_jacobian
FN:295,OnlineIntrinsicsRefiner::compute_reproj_error
FN:314,OnlineIntrinsicsRefiner::apply_distortion
FN:331,OnlineIntrinsicsRefiner::apply_damped_update
FN:339,OnlineIntrinsicsRefiner::apply_update
FN:350,OnlineIntrinsicsRefiner::get_parameters
FN:368,OnlineIntrinsicsRefiner::set_parameters
FN:395,OnlineIntrinsicsRefiner::num_params
FN:407,OnlineIntrinsicsRefiner::update_uncertainties
FN:428,OnlineIntrinsicsRefiner::calibration
FN:433,OnlineIntrinsicsRefiner::intrinsics
FN:438,OnlineIntrinsicsRefiner::is_converged
FN:443,OnlineIntrinsicsRefiner::total_observations
FN:448,OnlineIntrinsicsRefiner::reset
FNF:19
FNDA:6,<impl Default for IntrinsicsRefinerConfig>::default
FNDA:6,OnlineIntrinsicsRefiner::new
FNDA:1,OnlineIntrinsicsRefiner::update
FNDA:0,OnlineIntrinsicsRefiner::refine_intrinsics
FNDA:0,OnlineIntrinsicsRefiner::compute_gradient
FNDA:0,OnlineIntrinsicsRefiner::compute_jacobian
FNDA:0,OnlineIntrinsicsRefiner::compute_reproj_error
FNDA:0,OnlineIntrinsicsRefiner::apply_distortion
FNDA:0,OnlineIntrinsicsRefiner::apply_damped_update
FNDA:0,OnlineIntrinsicsRefiner::apply_update
FNDA:0,OnlineIntrinsicsRefiner::get_parameters
FNDA:0,OnlineIntrinsicsRefiner::set_parameters
FNDA:1,OnlineIntrinsicsRefiner::num_params
FNDA:0,OnlineIntrinsicsRefiner::update_uncertainties
FNDA:0,OnlineIntrinsicsRefiner::calibration
FNDA:1,OnlineIntrinsicsRefiner::intrinsics
FNDA:2,OnlineIntrinsicsRefiner::is_converged
FNDA:1,OnlineIntrinsicsRefiner::total_observations
FNDA:1,OnlineIntrinsicsRefiner::reset
DA:102,6
DA:150,6
DA:152,18
DA:153,12
DA:156,6
DA:162,6
DA:172,12
DA:174,6
DA:181,1
DA:182,3
DA:183,1
DA:185,1
DA:186,4
DA:187,1
DA:191,1
DA:192,2
DA:194,2
DA:195,1
DA:198,0
DA:202,0
DA:203,0
DA:204,0
DA:206,0
DA:208,0
DA:210,0
DA:211,0
DA:214,0
DA:216,0
DA:218,0
DA:219,0
DA:221,0
DA:222,0
DA:223,0
DA:224,0
DA:228,0
DA:230,0
DA:231,0
DA:232,0
DA:233,0
DA:234,0
DA:237,0
DA:238,0
DA:242,0
DA:243,0
DA:244,0
DA:246,0
DA:248,0
DA:249,0
DA:250,0
DA:252,0
DA:253,0
DA:254,0
DA:257,0
DA:258,0
DA:262,0
DA:266,0
DA:267,0
DA:268,0
DA:270,0
DA:272,0
DA:273,0
DA:274,0
DA:275,0
DA:277,0
DA:278,0
DA:280,0
DA:281,0
DA:283,0
DA:284,0
DA:286,0
DA:288,0
DA:291,0
DA:295,0
DA:296,0
DA:298,0
DA:299,0
DA:300,0
DA:302,0
DA:304,0
DA:305,0
DA:307,0
DA:308,0
DA:310,0
DA:314,0
DA:315,0
DA:316,0
DA:317,0
DA:318,0
DA:320,0
DA:321,0
DA:322,0
DA:324,0
DA:325,0
DA:327,0
DA:331,0
DA:332,0
DA:334,0
DA:339,0
DA:340,0
DA:342,0
DA:343,0
DA:346,0
DA:350,0
DA:351,0
DA:352,0
DA:354,0
DA:355,0
DA:356,0
DA:359,0
DA:360,0
DA:361,0
DA:364,0
DA:368,0
DA:369,0
DA:370,0
DA:372,0
DA:373,0
DA:374,0
DA:376,0
DA:377,0
DA:378,0
DA:380,0
DA:383,0
DA:384,0
DA:385,0
DA:387,0
DA:388,0
DA:389,0
DA:395,1
DA:396,2
DA:397,2
DA:398,1
DA:400,2
DA:401,1
DA:403,2
DA:407,0
DA:408,0
DA:409,0
DA:411,0
DA:412,0
DA:413,0
DA:414,0
DA:417,0
DA:419,0
DA:420,0
DA:422,0
DA:423,0
DA:424,0
DA:428,0
DA:429,0
DA:433,1
DA:434,1
DA:438,2
DA:439,2
DA:443,1
DA:444,1
DA:448,1
DA:449,1
DA:450,2
DA:451,1
DA:452,1
DA:453,1
DA:454,1
DA:455,1
LF:164
LH:39
end_of_record
TN:
SF:/Users/vincent/Work/RS-VIO/src/calibration/online_time_offset.rs
FN:73,<impl Default for OnlineCalibrationConfig>::default
FN:86,OnlineTimeOffsetCalibration::new
FN:107,OnlineTimeOffsetCalibration::update_with_flow_error
FN:129,OnlineTimeOffsetCalibration::update_with_offset_estimate
FN:164,OnlineTimeOffsetCalibration::imu_aiding_gate_factor
FN:179,OnlineTimeOffsetCalibration::assess_quality_from_flow
FN:212,OnlineTimeOffsetCalibration::detect_drift
FN:244,OnlineTimeOffsetCalibration::diagnostic_message
FNF:8
FNDA:6,<impl Default for OnlineCalibrationConfig>::default
FNDA:6,OnlineTimeOffsetCalibration::new
FNDA:45,OnlineTimeOffsetCalibration::update_with_flow_error
FNDA:1,OnlineTimeOffsetCalibration::update_with_offset_estimate
FNDA:5,OnlineTimeOffsetCalibration::imu_aiding_gate_factor
FNDA:45,OnlineTimeOffsetCalibration::assess_quality_from_flow
FNDA:0,OnlineTimeOffsetCalibration::detect_drift
FNDA:1,OnlineTimeOffsetCalibration::diagnostic_message
DA:73,6
DA:86,6
DA:98,18
DA:99,12
DA:107,45
DA:108,90
DA:111,135
DA:112,90
DA:113,0
DA:117,135
DA:118,45
DA:121,45
DA:123,45
DA:129,1
DA:136,3
DA:137,2
DA:138,0
DA:142,2
DA:143,3
DA:144,3
DA:146,2
DA:147,2
DA:148,2
DA:151,2
DA:152,0
DA:164,5
DA:165,5
DA:166,0
DA:169,5
DA:170,2
DA:171,1
DA:172,0
DA:173,1
DA:174,1
DA:179,45
DA:180,45
DA:181,12
DA:185,165
DA:186,66
DA:187,33
DA:188,33
DA:189,843
DA:190,33
DA:191,33
DA:192,99
DA:198,33
DA:199,8
DA:200,25
DA:201,9
DA:202,16
DA:203,5
DA:204,11
DA:205,6
DA:207,5
DA:212,0
DA:213,0
DA:214,0
DA:218,0
DA:220,0
DA:221,0
DA:223,0
DA:224,0
DA:225,0
DA:226,0
DA:227,0
DA:230,0
DA:231,0
DA:233,0
DA:236,0
DA:244,1
DA:245,1
DA:250,1
LF:72
LH:52
end_of_record
TN:
SF:/Users/vincent/Work/RS-VIO/src/calibration/rolling_shutter.rs
FN:25,LineSegment::deviation_from_line
FN:38,LineSegment::fit
FN:107,RollingShutterDetector::new
FN:122,RollingShutterDetector::detect_significance
FN:172,RollingShutterDetector::compute_correlation
FN:203,RollingShutterDetector::estimate_readout_time
FN:284,RollingShutterDetector::evaluate_readout_time
FN:328,RollingShutterDetector::estimate_readout_uncertainty
FN:372,RollingShutterDetector::detect
FNF:9
FNDA:1,LineSegment::deviation_from_line
FNDA:1,LineSegment::fit
FNDA:1,RollingShutterDetector::new
FNDA:0,RollingShutterDetector::detect_significance
FNDA:2,RollingShutterDetector::compute_correlation
FNDA:0,RollingShutterDetector::estimate_readout_time
FNDA:0,RollingShutterDetector::evaluate_readout_time
FNDA:0,RollingShutterDetector::estimate_readout_uncertainty
FNDA:0,RollingShutterDetector::detect
DA:25,1
DA:26,2
DA:27,4
DA:29,13
DA:30,20
DA:31,4
DA:34,3
DA:38,1
DA:39,1
DA:40,0
DA:44,10
DA:45,10
DA:48,3
DA:49,3
DA:50,4
DA:52,3
DA:54,2
DA:57,0
DA:58,0
DA:59,0
DA:61,0
DA:62,0
DA:63,0
DA:64,0
DA:65,0
DA:66,0
DA:69,0
DA:70,0
DA:71,0
DA:73,0
DA:74,0
DA:76,0
DA:77,0
DA:79,0
DA:83,4
DA:84,3
DA:85,3
DA:86,3
DA:88,1
DA:89,2
DA:90,2
DA:91,2
DA:92,1
DA:93,1
DA:107,1
DA:122,0
DA:128,0
DA:129,0
DA:132,0
DA:134,0
DA:135,0
DA:138,0
DA:140,0
DA:142,0
DA:143,0
DA:145,0
DA:146,0
DA:147,0
DA:148,0
DA:149,0
DA:152,0
DA:153,0
DA:157,0
DA:158,0
DA:161,0
DA:165,0
DA:166,0
DA:168,0
DA:172,2
DA:173,2
DA:174,0
DA:177,12
DA:178,12
DA:180,4
DA:181,4
DA:182,4
DA:184,26
DA:185,18
DA:186,18
DA:187,12
DA:188,12
DA:189,6
DA:192,4
DA:193,0
DA:196,6
DA:203,0
DA:211,0
DA:212,0
DA:215,0
DA:216,0
DA:217,0
DA:218,0
DA:219,0
DA:220,0
DA:221,0
DA:222,0
DA:225,0
DA:226,0
DA:227,0
DA:232,0
DA:233,0
DA:235,0
DA:236,0
DA:237,0
DA:238,0
DA:241,0
DA:242,0
DA:243,0
DA:244,0
DA:245,0
DA:246,0
DA:249,0
DA:250,0
DA:251,0
DA:255,0
DA:258,0
DA:259,0
DA:260,0
DA:261,0
DA:262,0
DA:265,0
DA:266,0
DA:268,0
DA:272,0
DA:273,0
DA:274,0
DA:275,0
DA:276,0
DA:277,0
DA:280,0
DA:284,0
DA:292,0
DA:294,0
DA:295,0
DA:296,0
DA:299,0
DA:301,0
DA:302,0
DA:303,0
DA:304,0
DA:306,0
DA:310,0
DA:314,0
DA:318,0
DA:320,0
DA:324,0
DA:328,0
DA:336,0
DA:338,0
DA:339,0
DA:340,0
DA:341,0
DA:342,0
DA:343,0
DA:346,0
DA:347,0
DA:348,0
DA:349,0
DA:350,0
DA:351,0
DA:354,0
DA:355,0
DA:356,0
DA:357,0
DA:358,0
DA:359,0
DA:362,0
DA:364,0
DA:365,0
DA:367,0
DA:372,0
DA:378,0
DA:379,0
DA:380,0
DA:381,0
DA:382,0
DA:383,0
DA:384,0
DA:389,0
DA:390,0
DA:391,0
DA:394,0
DA:395,0
DA:398,0
DA:399,0
DA:401,0
DA:402,0
DA:403,0
DA:404,0
DA:405,0
DA:406,0
DA:410,0
DA:412,0
DA:414,0
DA:418,0
DA:419,0
DA:420,0
DA:421,0
DA:422,0
DA:425,0
LF:200
LH:42
end_of_record
TN:
SF:/Users/vincent/Work/RS-VIO/src/calibration/sensitivity_analysis.rs
FN:50,CalibrationSensitivityReport::generate_report
FN:245,CalibrationSensitivityReport::print_report
FN:286,CalibrationSensitivityReport::print_sensitivity_section
FNF:3
FNDA:4,CalibrationSensitivityReport::generate_report
FNDA:0,CalibrationSensitivityReport::print_report
FNDA:0,CalibrationSensitivityReport::print_sensitivity_section
DA:50,4
DA:52,8
DA:53,4
DA:54,12
DA:55,4
DA:56,4
DA:57,4
DA:58,4
DA:59,20
DA:61,4
DA:62,12
DA:63,4
DA:64,4
DA:65,4
DA:66,4
DA:67,8
DA:68,8
DA:69,8
DA:70,8
DA:71,4
DA:72,4
DA:75,4
DA:76,12
DA:77,4
DA:78,4
DA:79,4
DA:80,4
DA:81,8
DA:82,8
DA:83,8
DA:84,8
DA:85,4
DA:86,4
DA:92,8
DA:93,4
DA:94,12
DA:95,4
DA:96,4
DA:97,4
DA:98,4
DA:99,20
DA:101,4
DA:102,12
DA:103,4
DA:104,4
DA:105,4
DA:106,4
DA:107,8
DA:108,8
DA:109,8
DA:110,8
DA:111,4
DA:112,4
DA:118,8
DA:119,4
DA:120,12
DA:121,4
DA:122,4
DA:123,4
DA:124,4
DA:125,20
DA:127,4
DA:128,12
DA:129,4
DA:130,4
DA:131,4
DA:132,4
DA:133,8
DA:134,8
DA:135,8
DA:136,8
DA:137,4
DA:138,4
DA:141,4
DA:142,12
DA:143,4
DA:144,4
DA:145,4
DA:146,4
DA:147,8
DA:148,8
DA:149,8
DA:150,8
DA:151,4
DA:152,4
DA:158,8
DA:159,4
DA:160,12
DA:161,4
DA:162,4
DA:163,4
DA:164,4
DA:165,8
DA:166,8
DA:167,8
DA:168,8
DA:169,4
DA:170,4
DA:173,4
DA:174,12
DA:175,4
DA:176,4
DA:177,4
DA:178,4
DA:179,8
DA:180,8
DA:181,8
DA:182,8
DA:183,4
DA:184,4
DA:190,8
DA:191,4
DA:192,12
DA:193,4
DA:194,4
DA:195,4
DA:196,4
DA:197,8
DA:198,8
DA:199,8
DA:200,8
DA:201,4
DA:202,4
DA:205,4
DA:206,12
DA:207,4
DA:208,4
DA:209,4
DA:210,4
DA:211,12
DA:216,8
DA:217,8
DA:218,8
DA:219,8
DA:220,8
DA:223,8
DA:224,8
DA:225,8
DA:226,8
DA:230,8
DA:245,0
DA:246,0
DA:247,0
DA:248,0
DA:250,0
DA:251,0
DA:254,0
DA:255,0
DA:256,0
DA:257,0
DA:258,0
DA:259,0
DA:260,0
DA:261,0
DA:263,0
DA:267,0
DA:268,0
DA:269,0
DA:272,0
DA:273,0
DA:274,0
DA:277,0
DA:278,0
DA:279,0
DA:280,0
DA:281,0
DA:283,0
DA:286,0
DA:287,0
DA:288,0
DA:290,0
DA:291,0
DA:292,0
DA:293,0
DA:294,0
DA:297,0
DA:298,0
DA:299,0
DA:301,0
DA:302,0
LF:180
LH:140
end_of_record
TN:
SF:/Users/vincent/Work/RS-VIO/src/calibration/stereo_extrinsics.rs
FN:29,StereoExtrinsicsEstimate::essential_matrix
FN:34,StereoExtrinsicsEstimate::fundamental_matrix
FN:44,StereoExtrinsicsEstimate::skew_symmetric
FN:50,StereoExtrinsicsEstimate::epipolar_error
FN:71,StereoExtrinsicsEstimate::check_rectification
FN:88,StereoExtrinsicsCalibrator::new
FN:97,StereoExtrinsicsCalibrator::add_match
FN:105,StereoExtrinsicsCalibrator::calibrate
FN:183,StereoExtrinsicsCalibrator::compute_rectification
FN:223,StereoQuality::from_estimate
FNF:10
FNDA:1,StereoExtrinsicsEstimate::essential_matrix
FNDA:0,StereoExtrinsicsEstimate::fundamental_matrix
FNDA:2,StereoExtrinsicsEstimate::skew_symmetric
FNDA:0,StereoExtrinsicsEstimate::epipolar_error
FNDA:0,StereoExtrinsicsEstimate::check_rectification
FNDA:0,StereoExtrinsicsCalibrator::new
FNDA:0,StereoExtrinsicsCalibrator::add_match
FNDA:0,StereoExtrinsicsCalibrator::calibrate
FNDA:0,StereoExtrinsicsCalibrator::compute_rectification
FNDA:0,StereoQuality::from_estimate
DA:29,1
DA:30,2
DA:34,0
DA:39,0
DA:40,0
DA:44,2
DA:45,14
DA:50,0
DA:57,0
DA:59,0
DA:60,0
DA:62,0
DA:63,0
DA:65,0
DA:67,0
DA:71,0
DA:74,0
DA:88,0
DA:90,0
DA:97,0
DA:98,0
DA:105,0
DA:106,0
DA:107,0
DA:111,0
DA:112,0
DA:115,0
DA:116,0
DA:120,0
DA:121,0
DA:123,0
DA:124,0
DA:125,0
DA:127,0
DA:128,0
DA:130,0
DA:131,0
DA:132,0
DA:134,0
DA:135,0
DA:136,0
DA:145,0
DA:146,0
DA:148,0
DA:149,0
DA:156,0
DA:157,0
DA:158,0
DA:159,0
DA:162,0
DA:165,0
DA:166,0
DA:167,0
DA:168,0
DA:170,0
DA:172,0
DA:174,0
DA:183,0
DA:188,0
DA:194,0
DA:195,0
DA:196,0
DA:197,0
DA:200,0
DA:202,0
DA:203,0
DA:205,0
DA:223,0
DA:224,0
DA:225,0
DA:226,0
DA:229,0
DA:230,0
DA:231,0
LF:74
LH:4
end_of_record
TN:
SF:/Users/vincent/Work/RS-VIO/src/calibration/time_offset.rs
FN:66,TimeOffsetEstimator::new
FN:79,TimeOffsetEstimator::preintegrate_imu
FN:153,TimeOffsetEstimator::reprojection_residual
FN:200,TimeOffsetEstimator::optimization_step
FN:255,TimeOffsetEstimator::optimize
FN:294,TimeOffsetEstimator::timing_consistency_curve
FN:337,TimeOffsetEstimator::timing_observability
FN:363,TimeOffsetEstimator::estimate_uncertainty
FNF:8
FNDA:2,TimeOffsetEstimator::new
FNDA:1,TimeOffsetEstimator::preintegrate_imu
FNDA:0,TimeOffsetEstimator::reprojection_residual
FNDA:0,TimeOffsetEstimator::optimization_step
FNDA:0,TimeOffsetEstimator::optimize
FNDA:0,TimeOffsetEstimator::timing_consistency_curve
FNDA:2,TimeOffsetEstimator::timing_observability
FNDA:0,TimeOffsetEstimator::estimate_uncertainty
DA:66,2
DA:69,4
DA:72,2
DA:79,1
DA:85,2
DA:86,2
DA:87,2
DA:88,2
DA:90,2
DA:91,0
DA:92,0
DA:93,0
DA:94,0
DA:95,0
DA:100,2
DA:101,2
DA:103,4
DA:104,4
DA:105,4
DA:106,0
DA:109,6
DA:110,2
DA:111,1
DA:113,1
DA:116,3
DA:117,1
DA:121,3
DA:122,2
DA:123,3
DA:124,3
DA:125,5
DA:126,1
DA:130,2
DA:131,1
DA:132,3
DA:134,1
DA:153,0
DA:164,0
DA:166,0
DA:167,0
DA:168,0
DA:170,0
DA:174,0
DA:175,0
DA:178,0
DA:179,0
DA:180,0
DA:184,0
DA:187,0
DA:188,0
DA:191,0
DA:192,0
DA:193,0
DA:194,0
DA:200,0
DA:210,0
DA:212,0
DA:213,0
DA:214,0
DA:215,0
DA:216,0
DA:217,0
DA:218,0
DA:219,0
DA:220,0
DA:223,0
DA:227,0
DA:228,0
DA:230,0
DA:231,0
DA:232,0
DA:233,0
DA:234,0
DA:235,0
DA:236,0
DA:237,0
DA:238,0
DA:239,0
DA:241,0
DA:244,0
DA:246,0
DA:249,0
DA:250,0
DA:255,0
DA:266,0
DA:268,0
DA:269,0
DA:270,0
DA:271,0
DA:272,0
DA:273,0
DA:274,0
DA:275,0
DA:279,0
DA:280,0
DA:283,0
DA:285,0
DA:286,0
DA:290,0
DA:294,0
DA:305,0
DA:306,0
DA:308,0
DA:310,0
DA:311,0
DA:312,0
DA:314,0
DA:315,0
DA:316,0
DA:317,0
DA:318,0
DA:319,0
DA:320,0
DA:321,0
DA:322,0
DA:323,0
DA:325,0
DA:328,0
DA:332,0
DA:333,0
DA:337,2
DA:338,4
DA:339,0
DA:343,4
DA:345,34
DA:349,4
DA:350,4
DA:351,22
DA:352,16
DA:353,6
DA:358,6
DA:359,6
DA:363,0
DA:372,0
DA:373,0
DA:376,0
DA:377,0
DA:378,0
DA:379,0
DA:380,0
DA:381,0
DA:382,0
DA:383,0
DA:384,0
DA:385,0
DA:386,0
DA:388,0
DA:392,0
DA:393,0
DA:394,0
DA:395,0
DA:396,0
DA:397,0
DA:398,0
DA:399,0
DA:400,0
DA:401,0
DA:402,0
DA:404,0
DA:408,0
DA:409,0
DA:410,0
DA:414,0
LF:163
LH:41
end_of_record
TN:
SF:/Users/vincent/Work/RS-VIO/src/calibration/types.rs
FN:31,CameraIntrinsics::k_matrix
FN:36,CameraIntrinsics::k_matrix_inv
FN:52,CameraIntrinsics::project
FN:63,CameraIntrinsics::unproject
FN:95,DistortionModel::zero
FN:109,DistortionModel::distort
FN:129,DistortionModel::undistort
FN:179,StereoExtrinsics::as_isometry
FN:223,IMUIntrinsics::identity
FN:237,IMUIntrinsics::correct_gyro
FN:242,IMUIntrinsics::correct_accel
FN:282,CameraIMUExtrinsics::predict_pixel
FN:343,TimingQuality::recommended_mode
FN:374,CalibrationResult::quality_report
FN:478,AcceptanceThresholds::standard
FN:491,AcceptanceThresholds::strict
FN:517,CalibrationQualityReport::summary
FNF:17
FNDA:0,CameraIntrinsics::k_matrix
FNDA:0,CameraIntrinsics::k_matrix_inv
FNDA:0,CameraIntrinsics::project
FNDA:0,CameraIntrinsics::unproject
FNDA:4,DistortionModel::zero
FNDA:0,DistortionModel::distort
FNDA:0,DistortionModel::undistort
FNDA:0,StereoExtrinsics::as_isometry
FNDA:0,IMUIntrinsics::identity
FNDA:0,IMUIntrinsics::correct_gyro
FNDA:0,IMUIntrinsics::correct_accel
FNDA:0,CameraIMUExtrinsics::predict_pixel
FNDA:0,TimingQuality::recommended_mode
FNDA:4,CalibrationResult::quality_report
FNDA:8,AcceptanceThresholds::standard
FNDA:0,AcceptanceThresholds::strict
FNDA:0,CalibrationQualityReport::summary
DA:31,0
DA:32,0
DA:36,0
DA:38,0
DA:40,0
DA:42,0
DA:43,0
DA:52,0
DA:54,0
DA:55,0
DA:58,0
DA:63,0
DA:64,0
DA:65,0
DA:66,0
DA:67,0
DA:95,4
DA:109,0
DA:110,0
DA:111,0
DA:112,0
DA:113,0
DA:114,0
DA:117,0
DA:118,0
DA:121,0
DA:122,0
DA:124,0
DA:129,0
DA:130,0
DA:131,0
DA:132,0
DA:133,0
DA:134,0
DA:135,0
DA:136,0
DA:138,0
DA:139,0
DA:141,0
DA:179,0
DA:181,0
DA:182,0
DA:223,0
DA:225,0
DA:226,0
DA:227,0
DA:228,0
DA:237,0
DA:238,0
DA:242,0
DA:243,0
DA:282,0
DA:289,0
DA:291,0
DA:293,0
DA:294,0
DA:343,0
DA:344,0
DA:345,0
DA:346,0
DA:347,0
DA:348,0
DA:374,4
DA:375,8
DA:376,8
DA:379,20
DA:380,12
DA:381,12
DA:382,16
DA:383,12
DA:384,12
DA:385,8
DA:386,4
DA:391,4
DA:392,0
DA:393,0
DA:394,0
DA:395,0
DA:396,0
DA:397,0
DA:398,0
DA:399,0
DA:404,20
DA:405,12
DA:406,12
DA:407,16
DA:408,12
DA:409,12
DA:410,8
DA:411,4
DA:416,16
DA:417,9
DA:418,8
DA:419,3
DA:421,1
DA:423,12
DA:424,8
DA:425,8
DA:426,4
DA:427,4
DA:428,6
DA:430,1
DA:431,1
DA:432,1
DA:440,12
DA:441,0
DA:443,12
DA:447,14
DA:478,8
DA:491,0
DA:517,0
DA:518,0
DA:519,0
DA:520,0
DA:521,0
DA:522,0
DA:524,0
LF:117
LH:39
end_of_record
TN:
SF:/Users/vincent/Work/RS-VIO/src/calibration/unified_solver.rs
FN:36,UnifiedCalibrationConfig::default
FN:49,UnifiedCalibrationConfig::strict
FN:85,UnifiedCalibrationSolver::new
FN:94,UnifiedCalibrationSolver::solve
FN:151,UnifiedCalibrationSolver::phase_estimate_time_offsets
FN:187,UnifiedCalibrationSolver::phase_detect_rolling_shutter
FN:193,UnifiedCalibrationSolver::phase_joint_refinement
FN:237,UnifiedCalibrationSolver::generate_quality_report
FN:300,UnifiedCalibrationSolver::build_calibration_result
FNF:9
FNDA:2,UnifiedCalibrationConfig::default
FNDA:1,UnifiedCalibrationConfig::strict
FNDA:1,UnifiedCalibrationSolver::new
FNDA:0,UnifiedCalibrationSolver::solve
FNDA:0,UnifiedCalibrationSolver::phase_estimate_time_offsets
FNDA:0,UnifiedCalibrationSolver::phase_detect_rolling_shutter
FNDA:0,UnifiedCalibrationSolver::phase_joint_refinement
FNDA:0,UnifiedCalibrationSolver::generate_quality_report
FNDA:0,UnifiedCalibrationSolver::build_calibration_result
DA:36,2
DA:49,1
DA:85,1
DA:88,1
DA:89,1
DA:94,0
DA:104,0
DA:105,0
DA:106,0
DA:107,0
DA:108,0
DA:110,0
DA:111,0
DA:115,0
DA:116,0
DA:117,0
DA:118,0
DA:119,0
DA:120,0
DA:124,0
DA:125,0
DA:128,0
DA:129,0
DA:130,0
DA:131,0
DA:132,0
DA:133,0
DA:137,0
DA:138,0
DA:141,0
DA:142,0
DA:143,0
DA:144,0
DA:145,0
DA:148,0
DA:151,0
DA:158,0
DA:159,0
DA:160,0
DA:161,0
DA:162,0
DA:163,0
DA:164,0
DA:165,0
DA:168,0
DA:169,0
DA:170,0
DA:171,0
DA:172,0
DA:173,0
DA:174,0
DA:175,0
DA:187,0
DA:190,0
DA:193,0
DA:201,0
DA:202,0
DA:203,0
DA:204,0
DA:205,0
DA:207,0
DA:209,0
DA:210,0
DA:211,0
DA:212,0
DA:217,0
DA:218,0
DA:219,0
DA:220,0
DA:221,0
DA:222,0
DA:223,0
DA:224,0
DA:225,0
DA:226,0
DA:237,0
DA:241,0
DA:242,0
DA:245,0
DA:246,0
DA:247,0
DA:250,0
DA:251,0
DA:252,0
DA:253,0
DA:254,0
DA:256,0
DA:259,0
DA:262,0
DA:263,0
DA:264,0
DA:267,0
DA:268,0
DA:269,0
DA:270,0
DA:275,0
DA:276,0
DA:277,0
DA:278,0
DA:281,0
DA:282,0
DA:283,0
DA:284,0
DA:285,0
DA:286,0
DA:291,0
DA:300,0
DA:309,0
DA:311,0
DA:316,0
DA:317,0
DA:318,0
LF:112
LH:5
end_of_record
TN:
SF:/Users/vincent/Work/RS-VIO/src/camera/rolling_shutter.rs
FN:49,<impl Default for RollingShutterConfig>::default
FN:65,RollingShutterCompensator::new
FN:85,RollingShutterCompensator::compensate_features
FN:105,RollingShutterCompensator::compensate_single_feature
FN:131,RollingShutterCompensator::row_timestamp
FN:143,RollingShutterCompensator::interpolate_pose
FN:199,RollingShutterCompensator::pose_from_imu
FN:210,RollingShutterCompensator::interpolate_between_imu
FN:258,RollingShutterCompensator::transform_feature
FN:288,RollingShutterCompensator::config
FNF:10
FNDA:0,<impl Default for RollingShutterConfig>::default
FNDA:3,RollingShutterCompensator::new
FNDA:1,RollingShutterCompensator::compensate_features
FNDA:0,RollingShutterCompensator::compensate_single_feature
FNDA:2,RollingShutterCompensator::row_timestamp
FNDA:0,RollingShutterCompensator::interpolate_pose
FNDA:0,RollingShutterCompensator::pose_from_imu
FNDA:0,RollingShutterCompensator::interpolate_between_imu
FNDA:0,RollingShutterCompensator::transform_feature
FNDA:2,RollingShutterCompensator::config
DA:49,0
DA:65,3
DA:67,3
DA:85,1
DA:92,2
DA:93,2
DA:96,0
DA:98,0
DA:99,0
DA:105,0
DA:114,0
DA:117,0
DA:120,0
DA:121,0
DA:123,0
DA:127,0
DA:131,2
DA:132,4
DA:133,2
DA:135,0
DA:138,4
DA:139,2
DA:143,0
DA:149,0
DA:150,0
DA:154,0
DA:155,0
DA:157,0
DA:158,0
DA:159,0
DA:161,0
DA:162,0
DA:163,0
DA:167,0
DA:168,0
DA:170,0
DA:172,0
DA:174,0
DA:175,0
DA:177,0
DA:178,0
DA:179,0
DA:180,0
DA:182,0
DA:185,0
DA:189,0
DA:190,0
DA:192,0
DA:199,0
DA:206,0
DA:210,0
DA:219,0
DA:220,0
DA:221,0
DA:224,0
DA:225,0
DA:226,0
DA:229,0
DA:232,0
DA:233,0
DA:234,0
DA:236,0
DA:239,0
DA:242,0
DA:244,0
DA:246,0
DA:248,0
DA:249,0
DA:250,0
DA:252,0
DA:254,0
DA:258,0
DA:266,0
DA:267,0
DA:268,0
DA:269,0
DA:271,0
DA:272,0
DA:275,0
DA:278,0
DA:281,0
DA:282,0
DA:284,0
DA:288,2
DA:289,2
LF:85
LH:12
end_of_record
TN:
SF:/Users/vincent/Work/RS-VIO/src/common/config.rs
FN:47,Validatable::validated
FN:68,Clampable::clamped
FN:88,Mergeable::merged
FN:110,clamp_with_warning
FNF:4
FNDA:1,Validatable::validated
FNDA:1,Clampable::clamped
FNDA:0,Mergeable::merged
FNDA:4,clamp_with_warning
DA:47,1
DA:51,2
DA:52,1
DA:68,1
DA:72,2
DA:73,1
DA:88,0
DA:92,0
DA:93,0
DA:94,0
DA:110,4
DA:116,4
DA:117,2
DA:118,2
DA:119,2
DA:120,2
DA:121,2
DA:123,0
LF:18
LH:13
end_of_record
TN:
SF:/Users/vincent/Work/RS-VIO/src/common/error.rs
FN:37,<impl ResultExt for Result<T,E>>::with_context
FN:41,<impl ResultExt for Result<T,E>>::with_context_lazy
FN:75,<impl OptionExt for Option<T>>::ok_or_context
FN:79,<impl OptionExt for Option<T>>::ok_or_context_lazy
FN:155,ErrorCollector::new
FN:163,ErrorCollector::push_if
FN:170,ErrorCollector::push
FN:175,ErrorCollector::has_errors
FN:180,ErrorCollector::into_result
FN:193,ErrorCollector::errors
FNF:10
FNDA:1,<impl ResultExt for Result<T,E>>::with_context
FNDA:1,<impl ResultExt for Result<T,E>>::with_context_lazy
FNDA:1,<impl OptionExt for Option<T>>::ok_or_context
FNDA:1,<impl OptionExt for Option<T>>::ok_or_context_lazy
FNDA:2,ErrorCollector::new
FNDA:2,ErrorCollector::push_if
FNDA:1,ErrorCollector::push
FNDA:2,ErrorCollector::has_errors
FNDA:2,ErrorCollector::into_result
FNDA:1,ErrorCollector::errors
DA:37,1
DA:38,4
DA:41,1
DA:46,5
DA:75,1
DA:76,4
DA:79,1
DA:84,5
DA:155,2
DA:157,4
DA:158,2
DA:163,2
DA:164,3
DA:165,3
DA:170,1
DA:171,4
DA:175,2
DA:176,2
DA:180,2
DA:181,4
DA:182,1
DA:184,2
DA:185,2
DA:186,1
DA:187,2
DA:193,1
DA:194,1
LF:27
LH:27
end_of_record
TN:
SF:/Users/vincent/Work/RS-VIO/src/common/math.rs
FN:22,clamp
FN:46,normalize_angle
FN:73,safe_sqrt
FN:99,lerp
FN:117,median
FN:143,mad
FN:162,is_outlier_mad
FNF:7
FNDA:3,clamp
FNDA:3,normalize_angle
FNDA:3,safe_sqrt
FNDA:3,lerp
FNDA:12,median
FNDA:3,mad
FNDA:2,is_outlier_mad
DA:22,3
DA:23,3
DA:24,1
DA:25,2
DA:26,1
DA:28,1
DA:46,3
DA:47,6
DA:48,6
DA:50,3
DA:51,0
DA:52,3
DA:53,0
DA:56,3
DA:73,3
DA:74,3
DA:75,2
DA:77,2
DA:99,3
DA:100,6
DA:117,12
DA:118,24
DA:119,1
DA:122,33
DA:123,247
DA:125,22
DA:126,11
DA:127,2
DA:129,10
DA:143,3
DA:144,6
DA:145,0
DA:148,15
DA:149,48
DA:150,6
DA:162,2
DA:163,14
DA:164,2
DA:165,6
DA:166,2
DA:169,0
LF:41
LH:37
end_of_record
TN:
SF:/Users/vincent/Work/RS-VIO/src/common/perf.rs
FN:14,vec_ops::dot_product
FN:25,vec_ops::norm_squared
FN:35,vec_ops::argmax
FN:50,vec_ops::argmin
FN:65,vec_ops::sum
FN:75,vec_ops::mean
FN:84,vec_ops::add_into
FN:94,vec_ops::scale_into
FN:103,vec_ops::count_nonzero
FN:115,vec_ops::count_above
FN:130,collection_ops::filter_collect
FN:147,collection_ops::map_collect
FN:160,collection_ops::partition
FN:188,hints::likely
FN:194,hints::unlikely
FNF:15
FNDA:1,vec_ops::dot_product
FNDA:1,vec_ops::norm_squared
FNDA:1,vec_ops::argmax
FNDA:1,vec_ops::argmin
FNDA:1,vec_ops::sum
FNDA:1,vec_ops::mean
FNDA:0,vec_ops::add_into
FNDA:0,vec_ops::scale_into
FNDA:0,vec_ops::count_nonzero
FNDA:1,vec_ops::count_above
FNDA:1,collection_ops::filter_collect
FNDA:1,collection_ops::map_collect
FNDA:1,collection_ops::partition
FNDA:0,hints::likely
FNDA:0,hints::unlikely
DA:14,1
DA:15,5
DA:16,2
DA:17,8
DA:18,3
DA:20,1
DA:25,1
DA:26,2
DA:27,7
DA:28,2
DA:30,1
DA:35,1
DA:36,2
DA:37,2
DA:38,2
DA:39,10
DA:40,4
DA:41,1
DA:42,1
DA:45,1
DA:50,1
DA:51,2
DA:52,2
DA:53,2
DA:54,10
DA:55,4
DA:56,1
DA:57,1
DA:60,1
DA:65,1
DA:66,2
DA:67,13
DA:68,4
DA:70,1
DA:75,1
DA:76,2
DA:77,0
DA:79,3
DA:84,0
DA:85,0
DA:86,0
DA:87,0
DA:88,0
DA:94,0
DA:95,0
DA:96,0
DA:97,0
DA:103,0
DA:104,0
DA:105,0
DA:106,0
DA:107,0
DA:110,0
DA:115,1
DA:116,2
DA:117,11
DA:118,7
DA:119,2
DA:122,1
DA:130,1
DA:135,3
DA:136,11
DA:137,7
DA:138,6
DA:141,2
DA:142,1
DA:147,1
DA:151,4
DA:152,10
DA:153,9
DA:155,1
DA:160,1
DA:164,3
DA:165,3
DA:167,11
DA:168,7
DA:169,4
DA:171,6
DA:175,2
DA:176,2
DA:177,1
DA:188,0
DA:189,0
DA:194,0
DA:195,0
LF:85
LH:65
end_of_record
TN:
SF:/Users/vincent/Work/RS-VIO/src/common/types.rs
FN:17,FrameId::new
FN:22,FrameId::value
FN:27,FrameId::next
FN:32,FrameId::prev
FN:38,<impl From for FrameId>::from
FN:50,<impl Display for FrameId>::fmt
FN:60,FeatureId::new
FN:64,FeatureId::value
FN:70,<impl From for FeatureId>::from
FN:82,<impl Display for FeatureId>::fmt
FN:92,CameraId::new
FN:96,CameraId::value
FN:108,<impl From for CameraId>::from
FN:114,<impl From for usize>::from
FN:120,<impl Display for CameraId>::fmt
FN:133,Timestamp::from_secs
FN:138,Timestamp::from_nanos
FN:143,Timestamp::as_secs
FN:148,Timestamp::as_nanos
FN:153,Timestamp::as_duration
FN:158,Timestamp::duration_since
FN:163,Timestamp::add
FN:169,<impl From for Timestamp>::from
FN:175,<impl From for Duration>::from
FN:181,<impl Display for Timestamp>::fmt
FN:204,Confidence::new
FN:213,Confidence::new_unchecked
FN:223,Confidence::value
FN:228,Confidence::is_high
FN:233,Confidence::is_medium
FN:238,Confidence::is_low
FN:244,<impl From for Confidence>::from
FN:250,<impl From for f64>::from
FN:256,<impl Display for Confidence>::fmt
FNF:34
FNDA:2,FrameId::new
FNDA:3,FrameId::value
FNDA:1,FrameId::next
FNDA:2,FrameId::prev
FNDA:0,<impl From for FrameId>::from
FNDA:0,<impl Display for FrameId>::fmt
FNDA:0,FeatureId::new
FNDA:1,FeatureId::value
FNDA:1,<impl From for FeatureId>::from
FNDA:0,<impl Display for FeatureId>::fmt
FNDA:0,CameraId::new
FNDA:2,CameraId::value
FNDA:0,<impl From for CameraId>::from
FNDA:0,<impl From for usize>::from
FNDA:0,<impl Display for CameraId>::fmt
FNDA:2,Timestamp::from_secs
FNDA:0,Timestamp::from_nanos
FNDA:1,Timestamp::as_secs
FNDA:0,Timestamp::as_nanos
FNDA:0,Timestamp::as_duration
FNDA:1,Timestamp::duration_since
FNDA:0,Timestamp::add
FNDA:0,<impl From for Timestamp>::from
FNDA:0,<impl From for Duration>::from
FNDA:0,<impl Display for Timestamp>::fmt
FNDA:4,Confidence::new
FNDA:0,Confidence::new_unchecked
FNDA:2,Confidence::value
FNDA:1,Confidence::is_high
FNDA:1,Confidence::is_medium
FNDA:1,Confidence::is_low
FNDA:0,<impl From for Confidence>::from
FNDA:0,<impl From for f64>::from
FNDA:1,<impl Display for Confidence>::fmt
DA:17,2
DA:18,2
DA:22,3
DA:23,3
DA:27,1
DA:28,1
DA:32,2
DA:33,6
DA:38,0
DA:39,0
DA:44,0
DA:45,0
DA:50,0
DA:51,0
DA:60,0
DA:61,0
DA:64,1
DA:65,1
DA:70,1
DA:71,1
DA:76,1
DA:77,1
DA:82,0
DA:83,0
DA:92,0
DA:93,0
DA:96,2
DA:97,2
DA:108,0
DA:109,0
DA:114,0
DA:115,0
DA:120,0
DA:121,0
DA:133,2
DA:134,2
DA:138,0
DA:139,0
DA:143,1
DA:144,2
DA:148,0
DA:149,0
DA:153,0
DA:154,0
DA:158,1
DA:159,3
DA:163,0
DA:164,0
DA:169,0
DA:170,0
DA:175,0
DA:176,0
DA:181,0
DA:182,0
DA:204,4
DA:205,4
DA:213,0
DA:214,0
DA:215,0
DA:216,0
DA:219,0
DA:223,2
DA:224,2
DA:228,1
DA:229,1
DA:233,1
DA:234,1
DA:238,1
DA:239,1
DA:244,0
DA:245,0
DA:250,0
DA:251,0
DA:256,1
DA:257,4
LF:75
LH:34
end_of_record
TN:
SF:/Users/vincent/Work/RS-VIO/src/common/validation.rs
FN:19,validate_quaternion
FN:45,validate_rotation_matrix
FN:92,validate_pose
FN:130,validate_matrix
FN:163,validate_covariance
FNF:5
FNDA:1,validate_quaternion
FNDA:2,validate_rotation_matrix
FNDA:1,validate_pose
FNDA:2,validate_matrix
FNDA:2,validate_covariance
DA:19,1
DA:23,3
DA:24,2
DA:25,0
DA:26,0
DA:27,0
DA:30,1
DA:45,2
DA:50,6
DA:51,4
DA:53,14
DA:54,42
DA:55,54
DA:56,54
DA:57,36
DA:58,0
DA:59,0
DA:60,0
DA:67,6
DA:68,4
DA:69,0
DA:70,0
DA:71,0
DA:75,2
DA:92,1
DA:94,3
DA:95,3
DA:98,3
DA:101,7
DA:102,6
DA:103,0
DA:104,0
DA:105,0
DA:110,2
DA:111,0
DA:112,0
DA:113,0
DA:117,1
DA:130,2
DA:139,8
DA:140,18
DA:141,30
DA:142,10
DA:143,1
DA:144,1
DA:145,1
DA:150,1
DA:163,2
DA:172,8
DA:173,16
DA:174,20
DA:175,2
DA:176,2
DA:177,4
DA:188,1
LF:55
LH:40
end_of_record
TN:
SF:/Users/vincent/Work/RS-VIO/src/datasets/config.rs
FN:57,CameraConfig::validate
FN:142,KeyframeManagementConfig::validate_and_clamp
FN:225,<impl Default for FeatureDetectionConfig>::default
FN:240,FeatureDetectionConfig::validate_and_clamp
FN:342,OptimizationConfig::validate_and_clamp
FN:419,Config::load
FN:439,Config::validate_and_clamp
FN:477,default_use_imu
FN:480,default_use_feature_tracking
FN:483,default_use_triangulation
FN:486,default_use_fallback_depth
FN:489,default_min_stereo_matches
FN:494,<impl Default for VisualizationConfig>::default
FN:505,default_enable_viewer
FN:509,default_stream_name
FN:513,default_startup_delay_ms
FN:517,default_log_axes
FN:521,default_processing_timeout_ms
FN:525,default_imu_prior_enable
FN:529,default_imu_prior_weight_pos
FN:533,default_imu_prior_weight_rot
FN:537,default_imu_prior_huber_delta
FN:541,default_subpixel_enable
FN:545,default_subpixel_iterations
FN:549,default_subpixel_threshold
FNF:25
FNDA:0,CameraConfig::validate
FNDA:0,KeyframeManagementConfig::validate_and_clamp
FNDA:0,<impl Default for FeatureDetectionConfig>::default
FNDA:0,FeatureDetectionConfig::validate_and_clamp
FNDA:0,OptimizationConfig::validate_and_clamp
FNDA:0,Config::load
FNDA:0,Config::validate_and_clamp
FNDA:0,default_use_imu
FNDA:0,default_use_feature_tracking
FNDA:0,default_use_triangulation
FNDA:0,default_use_fallback_depth
FNDA:0,default_min_stereo_matches
FNDA:6,<impl Default for VisualizationConfig>::default
FNDA:0,default_enable_viewer
FNDA:0,default_stream_name
FNDA:0,default_startup_delay_ms
FNDA:0,default_log_axes
FNDA:6,default_processing_timeout_ms
FNDA:6,default_imu_prior_enable
FNDA:6,default_imu_prior_weight_pos
FNDA:6,default_imu_prior_weight_rot
FNDA:6,default_imu_prior_huber_delta
FNDA:6,default_subpixel_enable
FNDA:6,default_subpixel_iterations
FNDA:6,default_subpixel_threshold
DA:57,0
DA:59,0
DA:60,0
DA:61,0
DA:64,0
DA:65,0
DA:66,0
DA:71,0
DA:72,0
DA:73,0
DA:76,0
DA:77,0
DA:78,0
DA:83,0
DA:84,0
DA:85,0
DA:86,0
DA:89,0
DA:90,0
DA:91,0
DA:92,0
DA:97,0
DA:98,0
DA:99,0
DA:100,0
DA:101,0
DA:105,0
DA:106,0
DA:107,0
DA:108,0
DA:109,0
DA:113,0
DA:114,0
DA:115,0
DA:118,0
DA:119,0
DA:120,0
DA:124,0
DA:142,0
DA:144,0
DA:145,0
DA:146,0
DA:149,0
DA:151,0
DA:152,0
DA:153,0
DA:156,0
DA:160,0
DA:161,0
DA:162,0
DA:165,0
DA:167,0
DA:168,0
DA:169,0
DA:172,0
DA:176,0
DA:177,0
DA:178,0
DA:181,0
DA:183,0
DA:184,0
DA:185,0
DA:188,0
DA:192,0
DA:193,0
DA:194,0
DA:196,0
DA:197,0
DA:198,0
DA:201,0
DA:225,0
DA:240,0
DA:242,0
DA:243,0
DA:244,0
DA:246,0
DA:247,0
DA:248,0
DA:252,0
DA:253,0
DA:254,0
DA:256,0
DA:257,0
DA:258,0
DA:261,0
DA:265,0
DA:266,0
DA:267,0
DA:269,0
DA:270,0
DA:271,0
DA:274,0
DA:278,0
DA:279,0
DA:280,0
DA:283,0
DA:285,0
DA:286,0
DA:287,0
DA:290,0
DA:294,0
DA:295,0
DA:296,0
DA:298,0
DA:299,0
DA:300,0
DA:303,0
DA:307,0
DA:308,0
DA:309,0
DA:312,0
DA:314,0
DA:315,0
DA:316,0
DA:319,0
DA:342,0
DA:344,0
DA:345,0
DA:346,0
DA:348,0
DA:349,0
DA:350,0
DA:353,0
DA:357,0
DA:358,0
DA:359,0
DA:361,0
DA:362,0
DA:363,0
DA:366,0
DA:370,0
DA:371,0
DA:372,0
DA:375,0
DA:377,0
DA:378,0
DA:379,0
DA:382,0
DA:385,0
DA:386,0
DA:387,0
DA:390,0
DA:392,0
DA:393,0
DA:394,0
DA:397,0
DA:401,0
DA:402,0
DA:403,0
DA:406,0
DA:408,0
DA:409,0
DA:410,0
DA:413,0
DA:419,0
DA:420,0
DA:422,0
DA:423,0
DA:425,0
DA:429,0
DA:431,0
DA:432,0
DA:433,0
DA:434,0
DA:439,0
DA:440,0
DA:441,0
DA:442,0
DA:443,0
DA:444,0
DA:445,0
DA:477,0
DA:478,0
DA:480,0
DA:481,0
DA:483,0
DA:484,0
DA:486,0
DA:487,0
DA:489,0
DA:490,0
DA:494,6
DA:497,12
DA:505,0
DA:506,0
DA:509,0
DA:510,0
DA:513,0
DA:514,0
DA:517,0
DA:518,0
DA:521,6
DA:522,6
DA:525,6
DA:526,6
DA:529,6
DA:530,6
DA:533,6
DA:534,6
DA:537,6
DA:538,6
DA:541,6
DA:542,6
DA:545,6
DA:546,6
DA:549,6
DA:550,6
LF:207
LH:18
end_of_record
TN:
SF:/Users/vincent/Work/RS-VIO/src/datasets/euroc_player.rs
FN:20,EurocPlayer::new
FN:28,<impl DatasetPlayer for EurocPlayer>::run
FN:32,<impl DatasetPlayer for EurocPlayer>::load_image_timestamps
FN:76,<impl DatasetPlayer for EurocPlayer>::load_image
FN:113,<impl DatasetPlayer for EurocPlayer>::load_imu_data
FN:178,<impl DatasetPlayer for EurocPlayer>::get_imu_data_between_frames
FN:197,<impl DatasetPlayer for EurocPlayer>::process_single_frame
FN:215,<impl DatasetPlayer for EurocPlayer>::save_trajectories
FN:269,<impl DatasetPlayer for EurocPlayer>::save_statistics
FN:273,<impl DatasetPlayer for EurocPlayer>::create_camera_models_from_config
FN:283,<impl DatasetPlayer for EurocPlayer>::initialize_estimator
FNF:11
FNDA:0,EurocPlayer::new
FNDA:0,<impl DatasetPlayer for EurocPlayer>::run
FNDA:0,<impl DatasetPlayer for EurocPlayer>::load_image_timestamps
FNDA:0,<impl DatasetPlayer for EurocPlayer>::load_image
FNDA:0,<impl DatasetPlayer for EurocPlayer>::load_imu_data
FNDA:0,<impl DatasetPlayer for EurocPlayer>::get_imu_data_between_frames
FNDA:0,<impl DatasetPlayer for EurocPlayer>::process_single_frame
FNDA:0,<impl DatasetPlayer for EurocPlayer>::save_trajectories
FNDA:0,<impl DatasetPlayer for EurocPlayer>::save_statistics
FNDA:0,<impl DatasetPlayer for EurocPlayer>::create_camera_models_from_config
FNDA:0,<impl DatasetPlayer for EurocPlayer>::initialize_estimator
DA:20,0
DA:22,0
DA:28,0
DA:29,0
DA:32,0
DA:33,0
DA:34,0
DA:35,0
DA:36,0
DA:37,0
DA:41,0
DA:42,0
DA:44,0
DA:45,0
DA:46,0
DA:47,0
DA:48,0
DA:49,0
DA:54,0
DA:55,0
DA:58,0
DA:59,0
DA:60,0
DA:61,0
DA:63,0
DA:64,0
DA:65,0
DA:66,0
DA:72,0
DA:73,0
DA:76,0
DA:77,0
DA:78,0
DA:80,0
DA:82,0
DA:84,0
DA:85,0
DA:86,0
DA:87,0
DA:92,0
DA:93,0
DA:94,0
DA:97,0
DA:98,0
DA:99,0
DA:100,0
DA:105,0
DA:108,0
DA:110,0
DA:113,0
DA:120,0
DA:121,0
DA:122,0
DA:123,0
DA:124,0
DA:128,0
DA:129,0
DA:131,0
DA:132,0
DA:133,0
DA:134,0
DA:135,0
DA:140,0
DA:141,0
DA:145,0
DA:146,0
DA:147,0
DA:151,0
DA:154,0
DA:155,0
DA:156,0
DA:159,0
DA:160,0
DA:161,0
DA:163,0
DA:164,0
DA:165,0
DA:166,0
DA:171,0
DA:172,0
DA:173,0
DA:175,0
DA:178,0
DA:183,0
DA:185,0
DA:186,0
DA:187,0
DA:188,0
DA:189,0
DA:191,0
DA:192,0
DA:197,0
DA:205,0
DA:206,0
DA:207,0
DA:208,0
DA:209,0
DA:210,0
DA:211,0
DA:215,0
DA:222,0
DA:224,0
DA:225,0
DA:227,0
DA:228,0
DA:230,0
DA:232,0
DA:233,0
DA:234,0
DA:237,0
DA:238,0
DA:239,0
DA:241,0
DA:243,0
DA:244,0
DA:246,0
DA:250,0
DA:254,0
DA:255,0
DA:257,0
DA:260,0
DA:261,0
DA:262,0
DA:263,0
DA:269,0
DA:270,0
DA:273,0
DA:280,0
DA:283,0
DA:286,0
LF:130
LH:0
end_of_record
TN:
SF:/Users/vincent/Work/RS-VIO/src/datasets/fourseasons_player.rs
FN:20,FourSeasonsPlayer::new
FN:28,<impl DatasetPlayer for FourSeasonsPlayer>::run
FN:32,<impl DatasetPlayer for FourSeasonsPlayer>::load_image_timestamps
FN:79,<impl DatasetPlayer for FourSeasonsPlayer>::load_image
FN:116,<impl DatasetPlayer for FourSeasonsPlayer>::load_imu_data
FN:188,<impl DatasetPlayer for FourSeasonsPlayer>::get_imu_data_between_frames
FN:207,<impl DatasetPlayer for FourSeasonsPlayer>::process_single_frame
FN:225,<impl DatasetPlayer for FourSeasonsPlayer>::save_statistics
FN:229,<impl DatasetPlayer for FourSeasonsPlayer>::save_trajectories
FN:282,<impl DatasetPlayer for FourSeasonsPlayer>::create_camera_models_from_config
FN:292,<impl DatasetPlayer for FourSeasonsPlayer>::initialize_estimator
FNF:11
FNDA:0,FourSeasonsPlayer::new
FNDA:0,<impl DatasetPlayer for FourSeasonsPlayer>::run
FNDA:0,<impl DatasetPlayer for FourSeasonsPlayer>::load_image_timestamps
FNDA:0,<impl DatasetPlayer for FourSeasonsPlayer>::load_image
FNDA:0,<impl DatasetPlayer for FourSeasonsPlayer>::load_imu_data
FNDA:0,<impl DatasetPlayer for FourSeasonsPlayer>::get_imu_data_between_frames
FNDA:0,<impl DatasetPlayer for FourSeasonsPlayer>::process_single_frame
FNDA:0,<impl DatasetPlayer for FourSeasonsPlayer>::save_statistics
FNDA:0,<impl DatasetPlayer for FourSeasonsPlayer>::save_trajectories
FNDA:0,<impl DatasetPlayer for FourSeasonsPlayer>::create_camera_models_from_config
FNDA:0,<impl DatasetPlayer for FourSeasonsPlayer>::initialize_estimator
DA:20,0
DA:22,0
DA:28,0
DA:29,0
DA:32,0
DA:33,0
DA:34,0
DA:35,0
DA:36,0
DA:37,0
DA:41,0
DA:42,0
DA:44,0
DA:45,0
DA:46,0
DA:47,0
DA:48,0
DA:49,0
DA:54,0
DA:55,0
DA:58,0
DA:59,0
DA:60,0
DA:61,0
DA:63,0
DA:64,0
DA:65,0
DA:66,0
DA:72,0
DA:73,0
DA:74,0
DA:76,0
DA:79,0
DA:80,0
DA:81,0
DA:83,0
DA:85,0
DA:87,0
DA:88,0
DA:89,0
DA:90,0
DA:95,0
DA:96,0
DA:97,0
DA:100,0
DA:101,0
DA:102,0
DA:103,0
DA:108,0
DA:111,0
DA:113,0
DA:116,0
DA:123,0
DA:124,0
DA:125,0
DA:126,0
DA:127,0
DA:130,0
DA:131,0
DA:133,0
DA:136,0
DA:137,0
DA:138,0
DA:139,0
DA:143,0
DA:144,0
DA:146,0
DA:147,0
DA:148,0
DA:149,0
DA:150,0
DA:155,0
DA:156,0
DA:157,0
DA:161,0
DA:164,0
DA:165,0
DA:166,0
DA:169,0
DA:170,0
DA:171,0
DA:173,0
DA:174,0
DA:175,0
DA:176,0
DA:181,0
DA:182,0
DA:183,0
DA:185,0
DA:188,0
DA:193,0
DA:195,0
DA:196,0
DA:197,0
DA:198,0
DA:199,0
DA:201,0
DA:202,0
DA:207,0
DA:215,0
DA:216,0
DA:217,0
DA:218,0
DA:219,0
DA:220,0
DA:221,0
DA:225,0
DA:226,0
DA:229,0
DA:235,0
DA:237,0
DA:238,0
DA:240,0
DA:241,0
DA:243,0
DA:244,0
DA:247,0
DA:248,0
DA:249,0
DA:252,0
DA:253,0
DA:254,0
DA:256,0
DA:257,0
DA:259,0
DA:263,0
DA:267,0
DA:268,0
DA:270,0
DA:273,0
DA:274,0
DA:275,0
DA:276,0
DA:282,0
DA:289,0
DA:292,0
DA:294,0
LF:137
LH:0
end_of_record
TN:
SF:/Users/vincent/Work/RS-VIO/src/datasets/frame_processor_trait.rs
FN:36,FrameProcessor::description
FN:62,ProcessingPipeline::new
FN:71,ProcessingPipeline::add_processor
FN:79,ProcessingPipeline::execute
FN:103,ProcessingPipeline::processor_count
FNF:5
FNDA:0,FrameProcessor::description
FNDA:3,ProcessingPipeline::new
FNDA:3,ProcessingPipeline::add_processor
FNDA:0,ProcessingPipeline::execute
FNDA:3,ProcessingPipeline::processor_count
DA:36,0
DA:37,0
DA:54,0
DA:56,0
DA:57,0
DA:62,3
DA:64,3
DA:71,3
DA:72,9
DA:73,3
DA:79,0
DA:80,0
DA:82,0
DA:83,0
DA:88,0
DA:89,0
DA:91,0
DA:99,0
DA:103,3
DA:104,6
LF:20
LH:7
end_of_record
TN:
SF:/Users/vincent/Work/RS-VIO/src/datasets/live_camera_player.rs
FN:29,<impl Default for LiveCameraConfig>::default
FN:56,LiveCameraPlayer::new
FN:62,<impl DatasetPlayer for LiveCameraPlayer>::run
FN:68,<impl DatasetPlayer for LiveCameraPlayer>::load_image_timestamps
FN:72,<impl DatasetPlayer for LiveCameraPlayer>::load_image
FN:76,<impl DatasetPlayer for LiveCameraPlayer>::load_imu_data
FN:86,<impl DatasetPlayer for LiveCameraPlayer>::get_imu_data_between_frames
FN:94,<impl DatasetPlayer for LiveCameraPlayer>::process_single_frame
FN:104,<impl DatasetPlayer for LiveCameraPlayer>::save_trajectories
FN:113,<impl DatasetPlayer for LiveCameraPlayer>::save_statistics
FN:121,<impl DatasetPlayer for LiveCameraPlayer>::create_camera_models_from_config
FN:131,<impl DatasetPlayer for LiveCameraPlayer>::initialize_estimator
FNF:12
FNDA:3,<impl Default for LiveCameraConfig>::default
FNDA:1,LiveCameraPlayer::new
FNDA:0,<impl DatasetPlayer for LiveCameraPlayer>::run
FNDA:0,<impl DatasetPlayer for LiveCameraPlayer>::load_image_timestamps
FNDA:0,<impl DatasetPlayer for LiveCameraPlayer>::load_image
FNDA:0,<impl DatasetPlayer for LiveCameraPlayer>::load_imu_data
FNDA:0,<impl DatasetPlayer for LiveCameraPlayer>::get_imu_data_between_frames
FNDA:0,<impl DatasetPlayer for LiveCameraPlayer>::process_single_frame
FNDA:0,<impl DatasetPlayer for LiveCameraPlayer>::save_trajectories
FNDA:0,<impl DatasetPlayer for LiveCameraPlayer>::save_statistics
FNDA:0,<impl DatasetPlayer for LiveCameraPlayer>::create_camera_models_from_config
FNDA:0,<impl DatasetPlayer for LiveCameraPlayer>::initialize_estimator
DA:29,3
DA:56,1
DA:62,0
DA:63,0
DA:64,0
DA:68,0
DA:69,0
DA:72,0
DA:73,0
DA:76,0
DA:83,0
DA:86,0
DA:91,0
DA:94,0
DA:101,0
DA:104,0
DA:110,0
DA:113,0
DA:114,0
DA:116,0
DA:117,0
DA:121,0
DA:128,0
DA:131,0
DA:132,0
LF:25
LH:2
end_of_record
TN:
SF:/Users/vincent/Work/RS-VIO/src/datasets/mod.rs
FN:123,FrameContext::new
FN:164,CameraModelType::as_camera_model
FN:175,create_camera_models_from_config
FNF:3
FNDA:1,FrameContext::new
FNDA:0,CameraModelType::as_camera_model
FNDA:6,create_camera_models_from_config
DA:123,1
DA:129,1
DA:164,0
DA:165,0
DA:166,0
DA:167,0
DA:175,6
DA:176,12
DA:181,30
DA:184,17
DA:186,3
DA:187,3
DA:188,3
DA:189,3
DA:190,3
DA:191,3
DA:192,3
DA:194,3
DA:195,3
DA:197,10
DA:198,15
DA:199,15
DA:200,15
DA:201,15
DA:202,15
DA:203,15
DA:204,15
DA:205,15
DA:206,15
DA:208,15
DA:209,10
DA:210,10
DA:211,5
DA:212,5
DA:217,30
DA:218,17
DA:220,3
DA:221,3
DA:222,3
DA:223,3
DA:224,3
DA:225,3
DA:226,3
DA:228,3
DA:229,3
DA:231,10
DA:232,15
DA:233,15
DA:234,15
DA:235,15
DA:236,15
DA:237,15
DA:238,15
DA:239,15
DA:240,15
DA:242,15
DA:243,10
DA:244,10
DA:245,5
DA:246,5
DA:250,6
LF:61
LH:57
end_of_record
TN:
SF:/Users/vincent/Work/RS-VIO/src/datasets/player_trait.rs
FN:180,execute
FN:349,process_single_frame_common
FN:403,save_statistics_common
FNF:3
FNDA:0,execute
FNDA:0,process_single_frame_common
FNDA:0,save_statistics_common
DA:180,0
DA:185,0
DA:188,0
DA:190,0
DA:191,0
DA:194,0
DA:195,0
DA:198,0
DA:199,0
DA:200,0
DA:201,0
DA:202,0
DA:204,0
DA:208,0
DA:211,0
DA:214,0
DA:215,0
DA:216,0
DA:217,0
DA:218,0
DA:220,0
DA:221,0
DA:222,0
DA:226,0
DA:230,0
DA:233,0
DA:234,0
DA:237,0
DA:238,0
DA:240,0
DA:241,0
DA:242,0
DA:243,0
DA:244,0
DA:245,0
DA:247,0
DA:248,0
DA:251,0
DA:252,0
DA:253,0
DA:254,0
DA:255,0
DA:256,0
DA:257,0
DA:259,0
DA:260,0
DA:261,0
DA:262,0
DA:266,0
DA:267,0
DA:268,0
DA:270,0
DA:271,0
DA:274,0
DA:275,0
DA:276,0
DA:277,0
DA:279,0
DA:280,0
DA:281,0
DA:288,0
DA:289,0
DA:290,0
DA:291,0
DA:293,0
DA:295,0
DA:299,0
DA:300,0
DA:302,0
DA:303,0
DA:304,0
DA:306,0
DA:307,0
DA:308,0
DA:309,0
DA:310,0
DA:315,0
DA:316,0
DA:317,0
DA:318,0
DA:319,0
DA:320,0
DA:321,0
DA:322,0
DA:323,0
DA:324,0
DA:325,0
DA:327,0
DA:328,0
DA:329,0
DA:332,0
DA:333,0
DA:334,0
DA:335,0
DA:336,0
DA:338,0
DA:342,0
DA:349,0
DA:358,0
DA:361,0
DA:364,0
DA:365,0
DA:367,0
DA:368,0
DA:369,0
DA:370,0
DA:375,0
DA:376,0
DA:377,0
DA:378,0
DA:381,0
DA:385,0
DA:386,0
DA:387,0
DA:388,0
DA:389,0
DA:390,0
DA:394,0
DA:396,0
DA:397,0
DA:403,0
DA:404,0
DA:406,0
DA:408,0
DA:409,0
DA:413,0
DA:414,0
DA:418,0
DA:419,0
DA:423,0
DA:424,0
DA:425,0
DA:429,0
DA:430,0
DA:434,0
DA:435,0
DA:439,0
DA:440,0
DA:441,0
DA:442,0
DA:447,0
DA:448,0
DA:449,0
DA:450,0
LF:144
LH:0
end_of_record
TN:
SF:/Users/vincent/Work/RS-VIO/src/datasets/tum_vi_player.rs
FN:20,TUMVIPlayer::new
FN:28,<impl DatasetPlayer for TUMVIPlayer>::run
FN:32,<impl DatasetPlayer for TUMVIPlayer>::load_image_timestamps
FN:76,<impl DatasetPlayer for TUMVIPlayer>::load_image
FN:113,<impl DatasetPlayer for TUMVIPlayer>::load_imu_data
FN:187,<impl DatasetPlayer for TUMVIPlayer>::get_imu_data_between_frames
FN:206,<impl DatasetPlayer for TUMVIPlayer>::process_single_frame
FN:224,<impl DatasetPlayer for TUMVIPlayer>::save_statistics
FN:228,<impl DatasetPlayer for TUMVIPlayer>::save_trajectories
FN:281,<impl DatasetPlayer for TUMVIPlayer>::create_camera_models_from_config
FN:291,<impl DatasetPlayer for TUMVIPlayer>::initialize_estimator
FNF:11
FNDA:0,TUMVIPlayer::new
FNDA:0,<impl DatasetPlayer for TUMVIPlayer>::run
FNDA:0,<impl DatasetPlayer for TUMVIPlayer>::load_image_timestamps
FNDA:0,<impl DatasetPlayer for TUMVIPlayer>::load_image
FNDA:0,<impl DatasetPlayer for TUMVIPlayer>::load_imu_data
FNDA:0,<impl DatasetPlayer for TUMVIPlayer>::get_imu_data_between_frames
FNDA:0,<impl DatasetPlayer for TUMVIPlayer>::process_single_frame
FNDA:0,<impl DatasetPlayer for TUMVIPlayer>::save_statistics
FNDA:0,<impl DatasetPlayer for TUMVIPlayer>::save_trajectories
FNDA:0,<impl DatasetPlayer for TUMVIPlayer>::create_camera_models_from_config
FNDA:0,<impl DatasetPlayer for TUMVIPlayer>::initialize_estimator
DA:20,0
DA:22,0
DA:28,0
DA:29,0
DA:32,0
DA:33,0
DA:34,0
DA:35,0
DA:36,0
DA:37,0
DA:41,0
DA:42,0
DA:44,0
DA:45,0
DA:46,0
DA:47,0
DA:48,0
DA:49,0
DA:54,0
DA:55,0
DA:58,0
DA:59,0
DA:60,0
DA:61,0
DA:63,0
DA:64,0
DA:65,0
DA:66,0
DA:72,0
DA:73,0
DA:76,0
DA:77,0
DA:78,0
DA:80,0
DA:82,0
DA:84,0
DA:85,0
DA:86,0
DA:87,0
DA:92,0
DA:93,0
DA:94,0
DA:97,0
DA:98,0
DA:99,0
DA:100,0
DA:105,0
DA:108,0
DA:110,0
DA:113,0
DA:121,0
DA:122,0
DA:123,0
DA:125,0
DA:126,0
DA:128,0
DA:131,0
DA:132,0
DA:133,0
DA:134,0
DA:138,0
DA:139,0
DA:141,0
DA:142,0
DA:143,0
DA:144,0
DA:145,0
DA:149,0
DA:150,0
DA:154,0
DA:155,0
DA:156,0
DA:160,0
DA:163,0
DA:164,0
DA:165,0
DA:168,0
DA:169,0
DA:170,0
DA:172,0
DA:173,0
DA:174,0
DA:175,0
DA:180,0
DA:181,0
DA:182,0
DA:184,0
DA:187,0
DA:192,0
DA:194,0
DA:195,0
DA:196,0
DA:197,0
DA:198,0
DA:200,0
DA:201,0
DA:206,0
DA:214,0
DA:215,0
DA:216,0
DA:217,0
DA:218,0
DA:219,0
DA:220,0
DA:224,0
DA:225,0
DA:228,0
DA:234,0
DA:236,0
DA:237,0
DA:239,0
DA:240,0
DA:242,0
DA:243,0
DA:246,0
DA:247,0
DA:248,0
DA:251,0
DA:252,0
DA:253,0
DA:255,0
DA:256,0
DA:258,0
DA:262,0
DA:266,0
DA:267,0
DA:269,0
DA:272,0
DA:273,0
DA:274,0
DA:275,0
DA:281,0
DA:288,0
DA:291,0
DA:293,0
LF:135
LH:0
end_of_record
TN:
SF:/Users/vincent/Work/RS-VIO/src/estimator/constant_velocity_model.rs
FN:69,<impl Default for ConstantVelocityConfig>::default
FN:121,ConstantVelocityModel::new
FN:141,ConstantVelocityModel::initialize
FN:160,ConstantVelocityModel::update
FN:210,ConstantVelocityModel::predict_pose
FN:227,ConstantVelocityModel::predict_position
FN:232,ConstantVelocityModel::velocity
FN:237,ConstantVelocityModel::speed
FN:242,ConstantVelocityModel::velocity_std
FN:249,ConstantVelocityModel::confidence
FN:256,ConstantVelocityModel::is_initialized
FN:261,ConstantVelocityModel::mean_innovation
FN:270,ConstantVelocityModel::reset
FN:279,ConstantVelocityModel::last_pose
FN:284,ConstantVelocityModel::config
FNF:15
FNDA:8,<impl Default for ConstantVelocityConfig>::default
FNDA:8,ConstantVelocityModel::new
FNDA:8,ConstantVelocityModel::initialize
FNDA:19,ConstantVelocityModel::update
FNDA:0,ConstantVelocityModel::predict_pose
FNDA:20,ConstantVelocityModel::predict_position
FNDA:0,ConstantVelocityModel::velocity
FNDA:5,ConstantVelocityModel::speed
FNDA:0,ConstantVelocityModel::velocity_std
FNDA:2,ConstantVelocityModel::confidence
FNDA:2,ConstantVelocityModel::is_initialized
FNDA:1,ConstantVelocityModel::mean_innovation
FNDA:1,ConstantVelocityModel::reset
FNDA:0,ConstantVelocityModel::last_pose
FNDA:0,ConstantVelocityModel::config
DA:69,8
DA:74,8
DA:121,8
DA:122,16
DA:123,16
DA:127,24
DA:128,16
DA:129,8
DA:141,8
DA:142,8
DA:143,8
DA:144,8
DA:145,8
DA:146,8
DA:147,8
DA:160,19
DA:161,38
DA:164,19
DA:165,0
DA:169,38
DA:170,38
DA:173,76
DA:174,38
DA:175,57
DA:178,76
DA:179,38
DA:182,57
DA:183,20
DA:184,2
DA:188,57
DA:189,57
DA:190,38
DA:191,38
DA:192,38
DA:195,19
DA:196,19
DA:197,19
DA:198,19
DA:200,19
DA:210,0
DA:211,0
DA:214,0
DA:215,0
DA:216,0
DA:227,20
DA:228,40
DA:232,0
DA:233,0
DA:237,5
DA:238,10
DA:242,0
DA:243,0
DA:249,2
DA:250,4
DA:251,6
DA:252,4
DA:256,2
DA:257,3
DA:261,1
DA:262,1
DA:263,0
DA:265,1
DA:270,1
DA:271,1
DA:272,1
DA:273,1
DA:274,1
DA:275,1
DA:279,0
DA:280,0
DA:284,0
DA:285,0
LF:72
LH:57
end_of_record
TN:
SF:/Users/vincent/Work/RS-VIO/src/estimator/estimator/accessors.rs
FN:7,Estimator::set_max_map_points
FN:12,Estimator::map_points_len
FN:17,Estimator::set_max_frame_processing_time
FN:22,Estimator::frame_count
FN:27,Estimator::get_trajectory
FN:32,Estimator::get_imu_preintegration
FN:37,Estimator::get_velocity
FN:47,Estimator::get_extrinsic_calibration
FN:52,Estimator::imu_measurement_count
FN:60,Estimator::get_imu_motion_prior
FN:84,Estimator::reset_keyframe_selector
FN:89,Estimator::get_imu_rate
FNF:12
FNDA:0,Estimator::set_max_map_points
FNDA:0,Estimator::map_points_len
FNDA:1,Estimator::set_max_frame_processing_time
FNDA:1,Estimator::frame_count
FNDA:0,Estimator::get_trajectory
FNDA:0,Estimator::get_imu_preintegration
FNDA:0,Estimator::get_velocity
FNDA:0,Estimator::get_extrinsic_calibration
FNDA:0,Estimator::imu_measurement_count
FNDA:0,Estimator::get_imu_motion_prior
FNDA:0,Estimator::reset_keyframe_selector
FNDA:0,Estimator::get_imu_rate
DA:7,0
DA:8,0
DA:12,0
DA:13,0
DA:17,1
DA:18,1
DA:22,1
DA:23,1
DA:27,0
DA:28,0
DA:32,0
DA:33,0
DA:37,0
DA:38,0
DA:39,0
DA:40,0
DA:42,0
DA:47,0
DA:48,0
DA:52,0
DA:53,0
DA:60,0
DA:62,0
DA:63,0
DA:64,0
DA:68,0
DA:69,0
DA:72,0
DA:73,0
DA:75,0
DA:79,0
DA:80,0
DA:84,0
DA:85,0
DA:89,0
DA:90,0
DA:91,0
DA:93,0
LF:38
LH:4
end_of_record
TN:
SF:/Users/vincent/Work/RS-VIO/src/estimator/estimator/calibration.rs
FN:8,Estimator::update_intrinsics_from_refiner
FN:23,Estimator::update_extrinsics_from_calibrator
FN:61,Estimator::add_intrinsics_observations
FNF:3
FNDA:1,Estimator::update_intrinsics_from_refiner
FNDA:1,Estimator::update_extrinsics_from_calibrator
FNDA:1,Estimator::add_intrinsics_observations
DA:8,1
DA:9,2
DA:10,2
DA:11,0
DA:12,0
DA:13,0
DA:23,1
DA:24,3
DA:27,1
DA:28,1
DA:32,0
DA:33,0
DA:34,0
DA:35,0
DA:36,0
DA:37,0
DA:42,0
DA:43,0
DA:46,0
DA:49,0
DA:50,0
DA:53,0
DA:61,1
DA:62,2
DA:63,3
DA:64,1
DA:66,1
DA:67,1
DA:68,0
DA:69,0
DA:70,0
DA:72,0
DA:75,1
DA:76,0
LF:34
LH:14
end_of_record
TN:
SF:/Users/vincent/Work/RS-VIO/src/estimator/estimator/constructor.rs
FN:28,Estimator::new
FN:34,Estimator::new_with_cameras
FNF:2
FNDA:2,Estimator::new
FNDA:2,Estimator::new_with_cameras
DA:28,2
DA:29,10
DA:34,2
DA:41,8
DA:42,0
DA:43,4
DA:46,6
DA:51,2
DA:52,2
DA:53,2
DA:54,2
DA:55,34
DA:56,2
DA:59,2
DA:60,2
DA:61,2
DA:62,2
DA:63,34
DA:64,2
DA:66,4
DA:67,4
DA:72,4
DA:73,2
DA:74,2
DA:75,2
DA:76,2
DA:77,2
DA:78,2
DA:79,2
DA:80,2
DA:81,2
DA:82,2
DA:88,4
DA:89,2
DA:90,2
DA:91,2
DA:92,2
DA:93,2
DA:94,2
DA:95,2
DA:96,2
DA:97,2
DA:98,2
DA:99,2
DA:100,2
DA:105,4
DA:106,4
DA:107,4
DA:108,4
DA:109,2
DA:110,2
DA:112,4
DA:115,4
DA:117,4
DA:122,4
DA:123,4
DA:124,2
DA:135,2
DA:138,4
DA:140,6
DA:141,6
DA:142,6
DA:143,4
DA:144,2
DA:151,2
DA:153,6
DA:155,6
DA:156,2
DA:162,4
DA:173,2
DA:181,2
DA:190,4
DA:192,4
DA:194,4
LF:74
LH:73
end_of_record
TN:
SF:/Users/vincent/Work/RS-VIO/src/estimator/estimator/helpers.rs
FN:9,Estimator::create_keyframe_descriptor
FNF:1
FNDA:1,Estimator::create_keyframe_descriptor
DA:9,1
DA:17,3
DA:18,4
DA:19,1
DA:20,4
DA:22,1
DA:23,2
DA:27,2
DA:31,0
DA:34,0
DA:35,0
DA:36,0
DA:38,0
DA:40,0
DA:43,0
DA:44,0
DA:45,0
DA:46,0
DA:47,0
DA:48,0
DA:49,0
DA:50,0
DA:51,0
DA:52,0
DA:53,0
DA:54,0
DA:55,0
DA:56,0
DA:57,0
DA:58,0
DA:62,0
DA:63,0
DA:64,0
DA:65,0
DA:66,0
DA:67,0
DA:68,0
DA:69,0
DA:70,0
DA:71,0
DA:72,0
DA:73,0
DA:74,0
DA:75,0
DA:76,0
DA:77,0
DA:81,0
DA:82,0
DA:93,6
DA:96,3
DA:98,1
DA:99,0
DA:100,0
DA:101,0
DA:102,0
DA:103,0
DA:104,0
DA:105,0
DA:106,0
DA:107,0
DA:108,0
DA:109,0
DA:110,0
DA:111,0
DA:112,0
DA:115,0
DA:119,1
DA:120,0
DA:121,0
DA:122,0
DA:123,0
DA:124,0
DA:125,0
DA:126,0
DA:127,0
DA:128,0
DA:129,0
DA:130,0
DA:131,0
DA:132,0
DA:133,0
DA:135,0
DA:139,2
DA:140,2
DA:141,2
DA:142,2
LF:86
LH:16
end_of_record
TN:
SF:/Users/vincent/Work/RS-VIO/src/estimator/estimator/imu_analysis.rs
FN:5,Estimator::estimate_fundamental_frequency
FN:49,Estimator::compute_imu_decomposition
FNF:2
FNDA:0,Estimator::estimate_fundamental_frequency
FNDA:0,Estimator::compute_imu_decomposition
DA:5,0
DA:6,0
DA:7,0
DA:11,0
DA:14,0
DA:16,0
DA:20,0
DA:21,0
DA:24,0
DA:25,0
DA:26,0
DA:27,0
DA:33,0
DA:34,0
DA:35,0
DA:38,0
DA:40,0
DA:41,0
DA:43,0
DA:49,0
DA:54,0
DA:55,0
DA:59,0
DA:60,0
DA:61,0
DA:62,0
DA:63,0
DA:65,0
DA:66,0
DA:67,0
DA:70,0
DA:71,0
DA:72,0
DA:73,0
DA:74,0
DA:75,0
DA:77,0
DA:80,0
DA:81,0
DA:82,0
DA:83,0
DA:86,0
LF:42
LH:0
end_of_record
TN:
SF:/Users/vincent/Work/RS-VIO/src/estimator/estimator/processor.rs
FN:12,Estimator::process_frame
FNF:1
FNDA:1,Estimator::process_frame
DA:12,1
DA:19,2
DA:20,2
DA:21,1
DA:22,2
DA:25,1
DA:26,1
DA:28,2
DA:29,0
DA:30,0
DA:31,0
DA:36,1
DA:37,0
DA:38,0
DA:39,0
DA:44,2
DA:45,2
DA:46,2
DA:47,2
DA:50,2
DA:51,2
DA:54,2
DA:57,2
DA:58,2
DA:60,1
DA:61,2
DA:62,1
DA:63,0
DA:64,0
DA:66,1
DA:67,2
DA:68,1
DA:69,0
DA:70,0
DA:74,3
DA:75,4
DA:76,2
DA:78,0
DA:79,0
DA:80,0
DA:84,3
DA:85,4
DA:86,2
DA:88,0
DA:89,0
DA:92,0
DA:94,0
DA:95,0
DA:102,1
DA:103,1
DA:104,2
DA:105,2
DA:106,1
DA:107,1
DA:110,3
DA:111,3
DA:114,1
DA:116,0
DA:117,0
DA:118,0
DA:119,0
DA:120,0
DA:122,0
DA:124,0
DA:125,0
DA:126,0
DA:129,0
DA:131,0
DA:132,0
DA:136,0
DA:137,0
DA:138,0
DA:139,0
DA:141,0
DA:142,0
DA:143,0
DA:144,0
DA:149,0
DA:150,0
DA:151,0
DA:152,0
DA:154,0
DA:155,0
DA:156,0
DA:157,0
DA:160,0
DA:161,0
DA:164,0
DA:167,0
DA:168,0
DA:172,0
DA:173,0
DA:175,0
DA:178,0
DA:179,0
DA:180,0
DA:181,0
DA:183,0
DA:184,0
DA:185,0
DA:186,0
DA:189,0
DA:190,0
DA:194,0
DA:195,0
DA:196,0
DA:199,0
DA:200,0
DA:201,0
DA:204,0
DA:205,0
DA:206,0
DA:207,0
DA:208,0
DA:211,0
DA:212,0
DA:214,0
DA:215,0
DA:216,0
DA:217,0
DA:220,0
DA:221,0
DA:222,0
DA:223,0
DA:224,0
DA:225,0
DA:226,0
DA:227,0
DA:228,0
DA:229,0
DA:234,0
DA:235,0
DA:236,0
DA:237,0
DA:242,0
DA:243,0
DA:244,0
DA:247,0
DA:248,0
DA:249,0
DA:250,0
DA:251,0
DA:252,0
DA:255,0
DA:256,0
DA:260,0
DA:261,0
DA:263,0
DA:267,0
DA:268,0
DA:269,0
DA:270,0
DA:271,0
DA:272,0
DA:273,0
DA:274,0
DA:275,0
DA:281,0
DA:284,0
DA:285,0
DA:286,0
DA:287,0
DA:289,0
DA:291,0
DA:292,0
DA:293,0
DA:296,0
DA:306,0
DA:307,0
DA:311,1
DA:314,1
DA:315,0
DA:316,0
DA:318,0
DA:321,0
DA:322,0
DA:323,0
DA:325,0
DA:326,0
DA:327,0
DA:328,0
DA:330,0
DA:331,0
DA:332,0
DA:333,0
DA:336,0
DA:337,0
DA:338,0
DA:343,1
DA:344,1
DA:345,1
DA:350,1
DA:351,0
DA:352,0
DA:353,0
DA:354,0
DA:355,0
DA:356,0
DA:357,0
DA:358,0
DA:359,0
DA:360,0
DA:361,0
DA:362,0
DA:363,0
DA:364,0
DA:365,0
DA:366,0
DA:367,0
DA:368,0
DA:369,0
DA:370,0
DA:371,0
DA:372,0
DA:373,0
DA:374,0
DA:375,0
DA:376,0
DA:377,0
DA:378,0
DA:381,0
DA:382,0
DA:384,0
DA:385,0
DA:386,0
DA:390,2
DA:391,1
DA:392,4
DA:393,1
DA:394,7
DA:398,1
DA:399,0
DA:402,0
DA:403,0
DA:404,0
DA:405,0
DA:408,0
DA:409,0
DA:410,0
DA:411,0
DA:412,0
DA:413,0
DA:416,0
DA:419,0
DA:422,0
DA:423,0
DA:424,0
DA:425,0
DA:429,0
DA:430,0
DA:431,0
DA:432,0
DA:434,0
DA:437,0
DA:441,0
DA:442,0
DA:444,0
DA:447,0
DA:448,0
DA:450,0
DA:453,0
DA:454,0
DA:456,0
DA:459,0
DA:460,0
DA:461,0
DA:463,0
DA:464,0
DA:465,0
DA:466,0
DA:467,0
DA:468,0
DA:469,0
DA:470,0
DA:471,0
DA:472,0
DA:473,0
DA:477,0
DA:478,0
DA:479,0
DA:480,0
DA:481,0
DA:483,0
DA:484,0
DA:485,0
DA:486,0
DA:487,0
DA:491,0
DA:492,0
DA:493,0
DA:494,0
DA:495,0
DA:496,0
DA:503,3
DA:504,3
DA:505,3
DA:506,3
DA:509,1
DA:510,0
DA:511,0
DA:512,0
DA:517,2
DA:519,0
DA:520,0
DA:521,0
DA:522,0
DA:524,0
DA:527,0
DA:528,0
DA:529,0
DA:531,0
DA:532,0
DA:533,0
DA:540,0
DA:543,0
DA:545,0
DA:546,0
DA:547,0
DA:548,0
DA:551,0
DA:552,0
DA:553,0
DA:556,0
DA:557,0
DA:559,0
DA:560,0
DA:561,0
DA:565,0
DA:566,0
DA:567,0
DA:568,0
DA:569,0
DA:570,0
DA:573,0
DA:574,0
DA:575,0
DA:576,0
DA:577,0
DA:578,0
DA:580,0
DA:582,0
DA:583,0
DA:584,0
DA:585,0
DA:586,0
DA:587,0
DA:589,0
DA:591,0
DA:593,0
DA:595,0
DA:597,0
DA:600,0
DA:601,0
DA:604,0
DA:605,0
DA:608,0
DA:610,1
DA:615,1
DA:616,2
DA:618,2
DA:619,2
DA:620,2
DA:623,1
DA:624,6
DA:626,1
DA:627,2
DA:628,3
DA:630,1
DA:631,0
DA:632,0
DA:633,0
DA:636,0
DA:637,0
DA:641,4
DA:644,3
DA:647,2
DA:648,0
DA:650,1
DA:652,2
DA:653,0
DA:654,0
DA:655,0
DA:658,1
DA:660,2
DA:661,0
DA:663,1
DA:668,2
DA:669,0
DA:672,1
DA:677,1
DA:678,0
DA:679,0
DA:680,0
DA:681,0
DA:682,0
DA:683,0
DA:688,1
DA:689,2
DA:690,3
DA:692,1
DA:697,1
DA:698,0
DA:702,2
DA:705,2
DA:707,1
DA:708,3
DA:712,2
DA:713,1
DA:722,1
LF:409
LH:92
end_of_record
TN:
SF:/Users/vincent/Work/RS-VIO/src/estimator/estimator/viewer.rs
FN:10,Estimator::set_viewer_frame
FN:17,Estimator::view_patch_tracking_results
FN:55,Estimator::view_motion_tracking_results
FN:79,Estimator::view_optimization_results
FN:142,Estimator::view_imu_results
FNF:5
FNDA:0,Estimator::set_viewer_frame
FNDA:1,Estimator::view_patch_tracking_results
FNDA:0,Estimator::view_motion_tracking_results
FNDA:1,Estimator::view_optimization_results
FNDA:0,Estimator::view_imu_results
DA:10,0
DA:11,0
DA:12,0
DA:17,1
DA:25,1
DA:27,0
DA:30,0
DA:32,0
DA:35,0
DA:38,0
DA:39,0
DA:40,0
DA:41,0
DA:42,0
DA:45,0
DA:46,0
DA:47,0
DA:48,0
DA:49,0
DA:55,0
DA:56,0
DA:57,0
DA:58,0
DA:60,0
DA:61,0
DA:64,0
DA:65,0
DA:66,0
DA:67,0
DA:68,0
DA:69,0
DA:70,0
DA:71,0
DA:72,0
DA:79,1
DA:81,3
DA:82,3
DA:83,3
DA:87,1
DA:89,0
DA:90,0
DA:91,0
DA:93,0
DA:95,0
DA:98,0
DA:99,0
DA:101,0
DA:102,0
DA:104,0
DA:105,0
DA:108,0
DA:109,0
DA:110,0
DA:111,0
DA:112,0
DA:113,0
DA:114,0
DA:115,0
DA:116,0
DA:117,0
DA:118,0
DA:123,0
DA:124,0
DA:125,0
DA:126,0
DA:127,0
DA:128,0
DA:129,0
DA:131,0
DA:135,0
DA:136,0
DA:137,0
DA:142,0
DA:149,0
DA:150,0
DA:153,0
DA:159,0
DA:160,0
DA:162,0
DA:163,0
DA:164,0
DA:165,0
DA:166,0
DA:168,0
DA:169,0
DA:170,0
DA:171,0
DA:176,0
DA:177,0
DA:178,0
DA:179,0
DA:182,0
DA:183,0
DA:184,0
DA:187,0
DA:188,0
DA:196,0
DA:197,0
DA:198,0
DA:199,0
DA:201,0
DA:203,0
DA:208,0
DA:209,0
DA:211,0
DA:212,0
DA:214,0
DA:215,0
DA:217,0
DA:218,0
DA:219,0
DA:220,0
DA:221,0
DA:224,0
DA:225,0
DA:226,0
DA:227,0
DA:229,0
DA:230,0
DA:231,0
DA:232,0
DA:233,0
DA:234,0
DA:236,0
DA:241,0
DA:243,0
DA:246,0
DA:247,0
DA:248,0
DA:249,0
DA:254,0
DA:256,0
DA:257,0
DA:258,0
DA:259,0
DA:261,0
DA:262,0
DA:263,0
DA:264,0
DA:267,0
DA:268,0
DA:269,0
DA:270,0
DA:271,0
DA:272,0
DA:277,0
DA:278,0
DA:279,0
DA:280,0
DA:281,0
DA:282,0
DA:283,0
DA:284,0
DA:286,0
LF:154
LH:7
end_of_record
TN:
SF:/Users/vincent/Work/RS-VIO/src/estimator/frame.rs
FN:72,FrameBuilder::new
FN:86,FrameBuilder::with_left_cam
FN:92,FrameBuilder::with_right_cam
FN:98,FrameBuilder::with_state
FN:104,FrameBuilder::is_keyframe
FN:110,FrameBuilder::add_imu_from_last_frame
FN:116,FrameBuilder::add_imu_since_last_keyframe
FN:122,FrameBuilder::build
FN:155,Frame::new
FN:178,Frame::from_stereo_images
FN:202,Frame::left_features
FN:207,Frame::add_left_feature
FN:231,Frame::right_features
FN:236,Frame::add_right_feature
FNF:14
FNDA:0,FrameBuilder::new
FNDA:0,FrameBuilder::with_left_cam
FNDA:0,FrameBuilder::with_right_cam
FNDA:0,FrameBuilder::with_state
FNDA:0,FrameBuilder::is_keyframe
FNDA:0,FrameBuilder::add_imu_from_last_frame
FNDA:0,FrameBuilder::add_imu_since_last_keyframe
FNDA:0,FrameBuilder::build
FNDA:0,Frame::new
FNDA:4,Frame::from_stereo_images
FNDA:0,Frame::left_features
FNDA:0,Frame::add_left_feature
FNDA:0,Frame::right_features
FNDA:0,Frame::add_right_feature
DA:72,0
DA:74,0
DA:75,0
DA:80,0
DA:81,0
DA:86,0
DA:87,0
DA:88,0
DA:92,0
DA:93,0
DA:94,0
DA:98,0
DA:99,0
DA:100,0
DA:104,0
DA:105,0
DA:106,0
DA:110,0
DA:111,0
DA:112,0
DA:116,0
DA:117,0
DA:118,0
DA:122,0
DA:123,0
DA:124,0
DA:125,0
DA:126,0
DA:130,0
DA:131,0
DA:135,0
DA:137,0
DA:138,0
DA:139,0
DA:140,0
DA:141,0
DA:142,0
DA:143,0
DA:144,0
DA:145,0
DA:146,0
DA:147,0
DA:148,0
DA:155,0
DA:162,0
DA:165,0
DA:168,0
DA:169,0
DA:170,0
DA:172,0
DA:173,0
DA:178,4
DA:192,16
DA:193,8
DA:194,8
DA:196,4
DA:197,4
DA:202,0
DA:203,0
DA:207,0
DA:218,0
DA:219,0
DA:221,0
DA:222,0
DA:223,0
DA:226,0
DA:227,0
DA:231,0
DA:232,0
DA:236,0
DA:238,0
DA:239,0
DA:241,0
DA:242,0
DA:243,0
DA:246,0
DA:247,0
LF:77
LH:6
end_of_record
TN:
SF:/Users/vincent/Work/RS-VIO/src/estimator/frame_processor.rs
FN:30,ImageBufferManager::new
FN:42,ImageBufferManager::load_left
FN:58,ImageBufferManager::load_right
FN:73,ImageBufferManager::take_left_image
FN:81,ImageBufferManager::take_right_image
FN:110,KeyframeDecider::new
FN:120,KeyframeDecider::decide
FN:183,FeatureTrackingCoordinator::track_stereo_frame
FNF:8
FNDA:3,ImageBufferManager::new
FNDA:2,ImageBufferManager::load_left
FNDA:1,ImageBufferManager::load_right
FNDA:0,ImageBufferManager::take_left_image
FNDA:0,ImageBufferManager::take_right_image
FNDA:3,KeyframeDecider::new
FNDA:2,KeyframeDecider::decide
FNDA:0,FeatureTrackingCoordinator::track_stereo_frame
DA:30,3
DA:31,6
DA:33,9
DA:34,9
DA:42,2
DA:43,4
DA:44,4
DA:45,2
DA:46,2
DA:47,1
DA:48,1
DA:51,2
DA:52,3
DA:53,1
DA:58,1
DA:59,2
DA:60,2
DA:61,0
DA:62,0
DA:63,0
DA:64,0
DA:67,2
DA:68,3
DA:69,1
DA:73,0
DA:74,0
DA:75,0
DA:76,0
DA:81,0
DA:82,0
DA:83,0
DA:84,0
DA:110,3
DA:120,2
DA:127,4
DA:129,2
DA:131,4
DA:134,8
DA:135,6
DA:138,8
DA:139,6
DA:140,6
DA:141,12
DA:144,4
DA:145,1
DA:148,8
DA:151,6
DA:153,4
DA:154,0
DA:155,2
DA:156,1
DA:161,1
DA:164,2
DA:165,4
DA:166,4
DA:167,2
DA:168,2
DA:183,0
DA:189,0
DA:190,0
DA:191,0
LF:61
LH:44
end_of_record
TN:
SF:/Users/vincent/Work/RS-VIO/src/estimator/frame_workspace.rs
FN:48,<impl Default for WorkspaceConfig>::default
FN:94,FrameWorkspace::new
FN:121,FrameWorkspace::reset
FN:138,<impl Default for FrameWorkspace>::default
FN:149,FrameWorkspace::load_left_image
FN:165,FrameWorkspace::load_right_image
FN:181,FrameWorkspace::left_image
FN:186,FrameWorkspace::take_left_image_buffer
FN:191,FrameWorkspace::put_left_image_buffer
FN:196,FrameWorkspace::right_image
FN:201,FrameWorkspace::take_right_image_buffer
FN:206,FrameWorkspace::put_right_image_buffer
FN:211,FrameWorkspace::left_features_mut
FN:216,FrameWorkspace::left_features
FN:221,FrameWorkspace::right_features_mut
FN:226,FrameWorkspace::right_features
FN:231,FrameWorkspace::imu_samples_mut
FN:236,FrameWorkspace::imu_samples
FN:241,FrameWorkspace::push_imu_sample
FN:250,FrameWorkspace::ransac_buffer_mut
FN:255,FrameWorkspace::descriptor_buffer_mut
FN:260,FrameWorkspace::residual_buffer_mut
FN:265,FrameWorkspace::ransac_hypothesis_samples_mut
FN:270,FrameWorkspace::ransac_inlier_mask_mut
FN:275,FrameWorkspace::ransac_inlier_mask
FN:280,FrameWorkspace::ransac_residuals_mut
FN:285,FrameWorkspace::ransac_residuals
FN:291,FrameWorkspace::ransac_buffers_mut
FN:297,FrameWorkspace::feature_ransac_buffers_mut
FN:305,FrameWorkspace::scratch_matrix_6x6_mut
FN:310,FrameWorkspace::scratch_vector_6_mut
FNF:31
FNDA:22,<impl Default for WorkspaceConfig>::default
FNDA:34,FrameWorkspace::new
FNDA:11,FrameWorkspace::reset
FNDA:11,<impl Default for FrameWorkspace>::default
FNDA:4,FrameWorkspace::load_left_image
FNDA:1,FrameWorkspace::load_right_image
FNDA:2,FrameWorkspace::left_image
FNDA:1,FrameWorkspace::take_left_image_buffer
FNDA:1,FrameWorkspace::put_left_image_buffer
FNDA:0,FrameWorkspace::right_image
FNDA:1,FrameWorkspace::take_right_image_buffer
FNDA:1,FrameWorkspace::put_right_image_buffer
FNDA:0,FrameWorkspace::left_features_mut
FNDA:1,FrameWorkspace::left_features
FNDA:0,FrameWorkspace::right_features_mut
FNDA:0,FrameWorkspace::right_features
FNDA:0,FrameWorkspace::imu_samples_mut
FNDA:0,FrameWorkspace::imu_samples
FNDA:3,FrameWorkspace::push_imu_sample
FNDA:0,FrameWorkspace::ransac_buffer_mut
FNDA:0,FrameWorkspace::descriptor_buffer_mut
FNDA:0,FrameWorkspace::residual_buffer_mut
FNDA:2,FrameWorkspace::ransac_hypothesis_samples_mut
FNDA:1,FrameWorkspace::ransac_inlier_mask_mut
FNDA:1,FrameWorkspace::ransac_inlier_mask
FNDA:0,FrameWorkspace::ransac_residuals_mut
FNDA:0,FrameWorkspace::ransac_residuals
FNDA:0,FrameWorkspace::ransac_buffers_mut
FNDA:2,FrameWorkspace::feature_ransac_buffers_mut
FNDA:0,FrameWorkspace::scratch_matrix_6x6_mut
FNDA:0,FrameWorkspace::scratch_vector_6_mut
DA:48,22
DA:94,34
DA:95,68
DA:96,34
DA:97,34
DA:98,34
DA:99,34
DA:100,68
DA:104,102
DA:105,102
DA:106,102
DA:107,102
DA:108,102
DA:109,102
DA:110,102
DA:111,102
DA:112,102
DA:113,102
DA:114,102
DA:115,34
DA:116,34
DA:121,11
DA:122,22
DA:123,22
DA:124,22
DA:125,22
DA:126,22
DA:127,22
DA:128,22
DA:129,22
DA:130,22
DA:131,22
DA:132,22
DA:138,11
DA:139,22
DA:149,4
DA:150,12
DA:151,4
DA:153,2
DA:154,2
DA:155,3
DA:156,1
DA:159,6
DA:160,9
DA:161,3
DA:165,1
DA:166,3
DA:167,1
DA:169,0
DA:170,0
DA:171,0
DA:172,0
DA:175,2
DA:176,3
DA:177,1
DA:181,2
DA:182,2
DA:186,1
DA:187,2
DA:191,1
DA:192,2
DA:196,0
DA:197,0
DA:201,1
DA:202,2
DA:206,1
DA:207,2
DA:211,0
DA:212,0
DA:216,1
DA:217,1
DA:221,0
DA:222,0
DA:226,0
DA:227,0
DA:231,0
DA:232,0
DA:236,0
DA:237,0
DA:241,3
DA:242,6
DA:243,1
DA:245,8
DA:246,2
DA:250,0
DA:251,0
DA:255,0
DA:256,0
DA:260,0
DA:261,0
DA:265,2
DA:266,2
DA:270,1
DA:271,1
DA:275,1
DA:276,1
DA:280,0
DA:281,0
DA:285,0
DA:286,0
DA:291,0
DA:292,0
DA:297,2
DA:299,2
DA:300,2
DA:305,0
DA:306,0
DA:310,0
DA:311,0
LF:109
LH:77
end_of_record
TN:
SF:/Users/vincent/Work/RS-VIO/src/estimator/imu_processor.rs
FN:52,ImuProcessor::new
FN:78,ImuProcessor::process_measurements
FN:164,ImuProcessor::accumulate_for_keyframe
FN:169,ImuProcessor::should_create_keyframe
FN:181,ImuProcessor::get_motion_prior
FN:187,ImuProcessor::get_velocity
FN:197,ImuProcessor::get_preintegrated
FN:203,ImuProcessor::reset_preintegration
FN:209,ImuProcessor::get_statistics
FN:214,ImuProcessor::get_rate_hz
FN:219,ImuProcessor::is_initialized
FNF:11
FNDA:4,ImuProcessor::new
FNDA:3,ImuProcessor::process_measurements
FNDA:0,ImuProcessor::accumulate_for_keyframe
FNDA:0,ImuProcessor::should_create_keyframe
FNDA:0,ImuProcessor::get_motion_prior
FNDA:0,ImuProcessor::get_velocity
FNDA:0,ImuProcessor::get_preintegrated
FNDA:0,ImuProcessor::reset_preintegration
FNDA:1,ImuProcessor::get_statistics
FNDA:1,ImuProcessor::get_rate_hz
FNDA:1,ImuProcessor::is_initialized
DA:52,4
DA:67,8
DA:68,4
DA:69,4
DA:78,3
DA:79,6
DA:80,1
DA:84,6
DA:91,2
DA:92,2
DA:95,28
DA:97,22
DA:98,9
DA:99,2
DA:100,0
DA:102,2
DA:105,22
DA:108,44
DA:112,33
DA:113,11
DA:116,11
DA:117,33
DA:120,22
DA:122,0
DA:123,0
DA:124,0
DA:125,0
DA:128,11
DA:129,0
DA:130,0
DA:134,33
DA:137,11
DA:141,4
DA:142,2
DA:143,2
DA:144,0
DA:146,2
DA:150,4
DA:151,4
DA:152,3
DA:153,1
DA:154,2
DA:157,2
DA:159,2
DA:164,0
DA:165,0
DA:169,0
DA:175,0
DA:176,0
DA:181,0
DA:182,0
DA:187,0
DA:188,0
DA:189,0
DA:191,0
DA:197,0
DA:198,0
DA:203,0
DA:204,0
DA:205,0
DA:209,1
DA:210,1
DA:214,1
DA:215,1
DA:219,1
DA:220,1
LF:66
LH:42
end_of_record
TN:
SF:/Users/vincent/Work/RS-VIO/src/estimator/keyframe_culler.rs
FN:25,<impl Default for AggressiveCullingConfig>::default
FN:66,AggressiveKeyframeCuller::new
FN:71,AggressiveKeyframeCuller::select_keyframes_to_remove
FN:171,FifoCuller::select_keyframes_to_remove
FNF:4
FNDA:2,<impl Default for AggressiveCullingConfig>::default
FNDA:3,AggressiveKeyframeCuller::new
FNDA:1,AggressiveKeyframeCuller::select_keyframes_to_remove
FNDA:0,FifoCuller::select_keyframes_to_remove
DA:25,2
DA:66,3
DA:71,1
DA:78,2
DA:79,1
DA:80,1
DA:81,1
DA:82,1
DA:83,1
DA:87,0
DA:88,0
DA:89,0
DA:90,0
DA:91,0
DA:92,0
DA:93,0
DA:94,0
DA:95,0
DA:100,0
DA:101,0
DA:102,0
DA:103,0
DA:105,0
DA:107,0
DA:108,0
DA:110,0
DA:113,0
DA:114,0
DA:115,0
DA:116,0
DA:119,0
DA:120,0
DA:124,0
DA:125,0
DA:126,0
DA:127,0
DA:128,0
DA:133,0
DA:134,0
DA:135,0
DA:136,0
DA:137,0
DA:142,0
DA:144,0
DA:145,0
DA:146,0
DA:147,0
DA:148,0
DA:153,0
DA:155,0
DA:156,0
DA:157,0
DA:162,0
DA:171,0
DA:178,0
DA:179,0
DA:181,0
DA:185,0
DA:186,0
DA:188,0
LF:60
LH:9
end_of_record
TN:
SF:/Users/vincent/Work/RS-VIO/src/estimator/point_quality.rs
FN:107,<impl Default for PointQualityConfig>::default
FN:171,TrackedPoint::new
FN:184,TrackedPoint::add_observation
FN:207,TrackedPoint::track_length
FN:212,TrackedPoint::age
FN:217,TrackedPoint::is_static
FN:296,PointQualityScorer::new
FN:308,PointQualityScorer::add_point
FN:330,PointQualityScorer::add_observation
FN:353,PointQualityScorer::update_baselines
FN:364,PointQualityScorer::advance_keyframe
FN:369,PointQualityScorer::score_all_points
FN:397,PointQualityScorer::score_point
FN:466,PointQualityScorer::compute_error_stats
FN:490,PointQualityScorer::compute_angle_stats
FN:524,PointQualityScorer::compute_baseline_diversity
FN:549,PointQualityScorer::compute_parallax_quality
FN:576,PointQualityScorer::compute_depth_quality
FN:588,PointQualityScorer::compute_overall_quality
FN:635,PointQualityScorer::cull_points
FN:657,PointQualityScorer::map_quality
FN:696,PointQualityScorer::get_point
FN:701,PointQualityScorer::all_points
FN:706,PointQualityScorer::reset
FNF:24
FNDA:6,<impl Default for PointQualityConfig>::default
FNDA:0,TrackedPoint::new
FNDA:120,TrackedPoint::add_observation
FNDA:23,TrackedPoint::track_length
FNDA:22,TrackedPoint::age
FNDA:22,TrackedPoint::is_static
FNDA:8,PointQualityScorer::new
FNDA:15,PointQualityScorer::add_point
FNDA:120,PointQualityScorer::add_observation
FNDA:0,PointQualityScorer::update_baselines
FNDA:116,PointQualityScorer::advance_keyframe
FNDA:4,PointQualityScorer::score_all_points
FNDA:22,PointQualityScorer::score_point
FNDA:22,PointQualityScorer::compute_error_stats
FNDA:22,PointQualityScorer::compute_angle_stats
FNDA:22,PointQualityScorer::compute_baseline_diversity
FNDA:22,PointQualityScorer::compute_parallax_quality
FNDA:22,PointQualityScorer::compute_depth_quality
FNDA:22,PointQualityScorer::compute_overall_quality
FNDA:0,PointQualityScorer::cull_points
FNDA:1,PointQualityScorer::map_quality
FNDA:1,PointQualityScorer::get_point
FNDA:2,PointQualityScorer::all_points
FNDA:1,PointQualityScorer::reset
DA:107,6
DA:171,0
DA:175,0
DA:179,0
DA:184,120
DA:192,253
DA:193,13
DA:195,120
DA:197,360
DA:198,240
DA:199,240
DA:200,240
DA:201,120
DA:202,120
DA:207,23
DA:208,23
DA:212,22
DA:213,22
DA:217,22
DA:218,22
DA:219,0
DA:223,22
DA:224,0
DA:228,66
DA:229,22
DA:233,22
DA:236,22
DA:237,88
DA:238,22
DA:239,0
DA:243,22
DA:296,8
DA:299,8
DA:308,15
DA:309,30
DA:310,15
DA:312,30
DA:313,15
DA:314,15
DA:315,30
DA:316,30
DA:317,30
DA:318,30
DA:319,30
DA:320,15
DA:321,15
DA:325,15
DA:326,15
DA:330,120
DA:338,360
DA:339,240
DA:340,120
DA:341,120
DA:342,120
DA:343,120
DA:344,120
DA:346,120
DA:348,0
DA:353,0
DA:354,0
DA:355,0
DA:357,0
DA:358,0
DA:364,116
DA:365,116
DA:369,4
DA:370,8
DA:372,92
DA:373,132
DA:374,44
DA:378,288
DA:381,4
DA:382,8
DA:383,52
DA:384,40
DA:385,4
DA:386,8
DA:387,0
DA:393,4
DA:397,22
DA:398,66
DA:399,88
DA:402,88
DA:405,88
DA:408,88
DA:411,88
DA:414,88
DA:417,66
DA:420,66
DA:421,22
DA:422,22
DA:423,22
DA:424,22
DA:425,22
DA:426,22
DA:427,22
DA:428,22
DA:429,22
DA:433,44
DA:434,0
DA:435,22
DA:436,0
DA:437,22
DA:438,1
DA:439,21
DA:440,0
DA:441,21
DA:442,8
DA:443,13
DA:444,12
DA:446,1
DA:450,22
DA:460,45
DA:466,22
DA:467,44
DA:468,0
DA:471,44
DA:472,66
DA:473,22
DA:474,22
DA:475,22
DA:476,22
DA:477,22
DA:479,66
DA:480,22
DA:481,22
DA:482,452
DA:483,22
DA:484,22
DA:486,44
DA:490,22
DA:491,22
DA:492,0
DA:496,44
DA:498,430
DA:499,579
DA:500,579
DA:503,965
DA:504,965
DA:507,965
DA:508,965
DA:509,386
DA:512,44
DA:513,0
DA:516,44
DA:517,88
DA:518,518
DA:520,44
DA:524,22
DA:525,22
DA:526,22
DA:529,0
DA:530,0
DA:532,0
DA:533,0
DA:534,0
DA:535,0
DA:536,0
DA:537,0
DA:539,0
DA:542,0
DA:545,0
DA:549,22
DA:550,22
DA:551,0
DA:555,44
DA:557,259
DA:558,2555
DA:559,2865
DA:560,2865
DA:562,4775
DA:563,4775
DA:565,7640
DA:566,3820
DA:567,1910
DA:572,66
DA:576,22
DA:577,66
DA:580,44
DA:581,66
DA:584,44
DA:588,22
DA:600,22
DA:601,0
DA:605,66
DA:606,44
DA:607,66
DA:608,66
DA:609,44
DA:610,44
DA:611,44
DA:612,44
DA:615,44
DA:616,44
DA:617,44
DA:618,44
[...]
FN:85,OptimizedFusionAlgorithm::update_calibration
FN:96,OptimizedFusionAlgorithm::adaptive_confidence
FN:138,OptimizedFusionAlgorithm::visual_residual_weight
FN:143,OptimizedFusionAlgorithm::imu_residual_weight
FN:148,OptimizedFusionAlgorithm::should_use_rolling_shutter
FN:153,OptimizedFusionAlgorithm::robust_threshold_multiplier
FN:158,OptimizedFusionAlgorithm::adaptive_subpixel_refinement
FN:186,OptimizedFusionAlgorithm::optimize_depth_for_distance
FN:203,OptimizedFusionAlgorithm::adaptive_triangulation_weight
FN:229,OptimizedFusionAlgorithm::predict_pixel_with_imu
FN:271,OptimizedFusionAlgorithm::rolling_shutter_time_offset
FN:293,OptimizedFusionAlgorithm::estimate_3d_resolution
FNF:15
FNDA:5,<impl Default for AdaptiveFusionConfig>::default
FNDA:2,OptimizedFusionAlgorithm::new
FNDA:4,OptimizedFusionAlgorithm::with_calibration
FNDA:0,OptimizedFusionAlgorithm::update_calibration
FNDA:4,OptimizedFusionAlgorithm::adaptive_confidence
FNDA:1,OptimizedFusionAlgorithm::visual_residual_weight
FNDA:1,OptimizedFusionAlgorithm::imu_residual_weight
FNDA:3,OptimizedFusionAlgorithm::should_use_rolling_shutter
FNDA:1,OptimizedFusionAlgorithm::robust_threshold_multiplier
FNDA:0,OptimizedFusionAlgorithm::adaptive_subpixel_refinement
FNDA:2,OptimizedFusionAlgorithm::optimize_depth_for_distance
FNDA:0,OptimizedFusionAlgorithm::adaptive_triangulation_weight
FNDA:0,OptimizedFusionAlgorithm::predict_pixel_with_imu
FNDA:3,OptimizedFusionAlgorithm::rolling_shutter_time_offset
FNDA:0,OptimizedFusionAlgorithm::estimate_3d_resolution
DA:31,5
DA:56,2
DA:62,2
DA:67,4
DA:70,8
DA:71,16
DA:72,4
DA:73,8
DA:79,4
DA:85,0
DA:88,0
DA:89,0
DA:90,0
DA:91,0
DA:92,0
DA:96,4
DA:104,8
DA:105,1
DA:106,3
DA:107,2
DA:109,1
DA:113,8
DA:114,3
DA:116,1
DA:120,8
DA:124,8
DA:125,4
DA:126,4
DA:127,4
DA:128,4
DA:131,4
DA:132,4
DA:134,4
DA:138,1
DA:139,2
DA:143,1
DA:144,2
DA:148,3
DA:149,6
DA:153,1
DA:154,2
DA:158,0
DA:166,0
DA:169,0
DA:170,0
DA:172,0
DA:176,0
DA:177,0
DA:180,0
DA:182,0
DA:186,2
DA:191,6
DA:194,2
DA:195,2
DA:196,1
DA:198,1
DA:203,0
DA:204,0
DA:207,0
DA:210,0
DA:211,0
DA:212,0
DA:213,0
DA:215,0
DA:218,0
DA:229,0
DA:239,0
DA:240,0
DA:241,0
DA:244,0
DA:245,0
DA:246,0
DA:247,0
DA:248,0
DA:251,0
DA:254,0
DA:257,0
DA:260,0
DA:261,0
DA:262,0
DA:263,0
DA:265,0
DA:271,3
DA:277,9
DA:278,12
DA:281,6
DA:282,0
DA:285,6
DA:288,6
DA:289,3
DA:293,0
DA:301,0
DA:302,0
DA:305,0
DA:306,0
DA:307,0
DA:309,0
LF:97
LH:48
end_of_record
TN:
SF:/Users/vincent/Work/RS-VIO/src/vision/imu_aided_tracking.rs
FN:39,TrackedFeature::new
FN:52,TrackedFeature::update_confidence
FN:81,IMUAidedTracker::new
FN:100,IMUAidedTracker::add_imu_measurement
FN:115,IMUAidedTracker::add_feature
FN:125,IMUAidedTracker::predict_feature_motion
FN:151,IMUAidedTracker::rotation_to_pixel_motion
FN:173,IMUAidedTracker::small_angle_rotation_matrix
FN:205,IMUAidedTracker::update_features
FN:247,IMUAidedTracker::get_features
FN:252,IMUAidedTracker::get_features_mut
FN:257,IMUAidedTracker::get_statistics
FNF:12
FNDA:3,TrackedFeature::new
FNDA:2,TrackedFeature::update_confidence
FNDA:3,IMUAidedTracker::new
FNDA:0,IMUAidedTracker::add_imu_measurement
FNDA:2,IMUAidedTracker::add_feature
FNDA:0,IMUAidedTracker::predict_feature_motion
FNDA:1,IMUAidedTracker::rotation_to_pixel_motion
FNDA:1,IMUAidedTracker::small_angle_rotation_matrix
FNDA:0,IMUAidedTracker::update_features
FNDA:0,IMUAidedTracker::get_features
FNDA:0,IMUAidedTracker::get_features_mut
FNDA:0,IMUAidedTracker::get_statistics
DA:39,3
DA:52,2
DA:56,2
DA:57,2
DA:81,3
DA:91,6
DA:92,3
DA:100,0
DA:101,0
DA:102,0
DA:105,0
DA:106,0
DA:107,0
DA:109,0
DA:115,2
DA:116,4
DA:117,2
DA:119,10
DA:120,6
DA:121,2
DA:125,0
DA:131,0
DA:134,0
DA:135,0
DA:136,0
DA:137,0
DA:139,0
DA:141,0
DA:146,0
DA:147,0
DA:151,1
DA:157,2
DA:158,2
DA:159,4
DA:162,4
DA:163,2
DA:166,4
DA:167,4
DA:169,3
DA:173,1
DA:174,3
DA:176,1
DA:177,0
DA:180,2
DA:183,3
DA:184,3
DA:185,2
DA:187,2
DA:188,2
DA:189,2
DA:192,2
DA:193,2
DA:194,2
DA:195,2
DA:196,2
DA:197,2
DA:198,2
DA:199,2
DA:200,2
DA:205,0
DA:214,0
DA:215,0
DA:217,0
DA:218,0
DA:222,0
DA:225,0
DA:226,0
DA:229,0
DA:232,0
DA:233,0
DA:236,0
DA:237,0
DA:238,0
DA:243,0
DA:247,0
DA:248,0
DA:252,0
DA:253,0
DA:257,0
DA:258,0
DA:259,0
DA:260,0
DA:262,0
DA:265,0
DA:266,0
DA:267,0
DA:269,0
DA:276,0
LF:88
LH:41
end_of_record
TN:
SF:/Users/vincent/Work/RS-VIO/src/vision/motion_aware_depth_optimization.rs
FN:50,TriangulationConstraints::from_motion
FN:73,TriangulationConstraints::triangulation_weight
FN:92,MotionAwareDepthOptimizer::new
FN:100,MotionAwareDepthOptimizer::optimize_depth
FN:147,MotionAwareDepthOptimizer::temporal_smoothing
FN:196,MotionAwareDepthOptimizer::detect_anomaly
FN:211,<impl Default for MotionAwareDepthOptimizer>::default
FNF:7
FNDA:7,TriangulationConstraints::from_motion
FNDA:6,TriangulationConstraints::triangulation_weight
FNDA:2,MotionAwareDepthOptimizer::new
FNDA:6,MotionAwareDepthOptimizer::optimize_depth
FNDA:1,MotionAwareDepthOptimizer::temporal_smoothing
FNDA:0,MotionAwareDepthOptimizer::detect_anomaly
FNDA:0,<impl Default for MotionAwareDepthOptimizer>::default
DA:50,7
DA:56,21
DA:57,21
DA:60,14
DA:61,14
DA:62,35
DA:68,14
DA:73,6
DA:75,18
DA:78,18
DA:80,6
DA:92,2
DA:94,2
DA:100,6
DA:107,18
DA:110,12
DA:113,24
DA:116,18
DA:119,6
DA:120,12
DA:123,18
DA:124,12
DA:127,18
DA:138,24
DA:139,12
DA:140,0
DA:143,6
DA:147,1
DA:148,2
DA:149,0
DA:153,4
DA:154,3
DA:155,6
DA:156,10
DA:157,10
DA:161,4
DA:163,2
DA:164,11
DA:165,1
DA:166,1
DA:167,1
DA:168,2
DA:169,1
DA:171,15
DA:174,2
DA:175,1
DA:178,2
DA:179,2
DA:180,11
DA:183,3
DA:189,2
DA:190,2
DA:191,1
DA:196,0
DA:197,0
DA:198,0
DA:201,0
DA:203,0
DA:206,0
DA:211,0
DA:212,0
LF:61
LH:51
end_of_record
TN:
SF:/Users/vincent/Work/RS-VIO/src/vision/motion_aware_super_resolution.rs
FN:32,MotionState::motion_type
FN:43,MotionState::adaptive_patch_size
FN:54,MotionState::adaptive_iterations
FN:66,MotionState::distance_confidence_boost
FN:78,MotionState::speed_confidence_factor
FN:84,MotionState::noise_level
FN:130,MotionAwareSuperResolver::new
FN:138,MotionAwareSuperResolver::update_motion_history
FN:146,MotionAwareSuperResolver::filtered_motion
FN:191,MotionAwareSuperResolver::refine_with_motion
FN:231,<impl Default for MotionAwareSuperResolver>::default
FNF:11
FNDA:2,MotionState::motion_type
FNDA:1,MotionState::adaptive_patch_size
FNDA:0,MotionState::adaptive_iterations
FNDA:2,MotionState::distance_confidence_boost
FNDA:0,MotionState::speed_confidence_factor
FNDA:0,MotionState::noise_level
FNDA:0,MotionAwareSuperResolver::new
FNDA:0,MotionAwareSuperResolver::update_motion_history
FNDA:0,MotionAwareSuperResolver::filtered_motion
FNDA:0,MotionAwareSuperResolver::refine_with_motion
FNDA:0,<impl Default for MotionAwareSuperResolver>::default
DA:32,2
DA:33,2
DA:34,10
DA:35,0
DA:36,0
DA:37,0
DA:38,0
DA:43,1
DA:44,1
DA:45,1
DA:46,0
DA:47,0
DA:48,0
DA:49,0
DA:54,0
DA:55,0
DA:56,0
DA:57,0
DA:58,0
DA:59,0
DA:60,0
DA:66,2
DA:67,4
DA:68,4
DA:69,1
DA:70,1
DA:71,3
DA:72,0
DA:74,2
DA:78,0
DA:79,0
DA:80,0
DA:84,0
DA:86,0
DA:130,0
DA:132,0
DA:138,0
DA:139,0
DA:140,0
DA:141,0
DA:146,0
DA:147,0
DA:148,0
DA:151,0
DA:152,0
DA:153,0
DA:155,0
DA:156,0
DA:157,0
DA:160,0
DA:161,0
DA:163,0
DA:164,0
DA:165,0
DA:168,0
DA:169,0
DA:171,0
DA:172,0
DA:173,0
DA:176,0
DA:177,0
DA:178,0
DA:179,0
DA:180,0
DA:181,0
DA:182,0
DA:183,0
DA:184,0
DA:185,0
DA:186,0
DA:191,0
DA:200,0
DA:203,0
DA:206,0
DA:209,0
DA:212,0
DA:213,0
DA:214,0
DA:216,0
DA:217,0
DA:224,0
DA:231,0
DA:232,0
LF:83
LH:13
end_of_record
TN:
SF:/Users/vincent/Work/RS-VIO/src/vision/rolling_shutter_correction.rs
FN:25,RollingShutterFramePose::pose_at_row
FN:43,RollingShutterFramePose::get_velocity
FN:71,RollingShutterBundleAdjustment::new
FN:88,RollingShutterBundleAdjustment::add_frame
FN:109,RollingShutterBundleAdjustment::add_world_point
FN:114,RollingShutterBundleAdjustment::reprojection_error_rs
FN:146,RollingShutterBundleAdjustment::reprojection_error_gs
FN:177,RollingShutterBundleAdjustment::jacobian_rs
FN:232,RollingShutterBundleAdjustment::accumulate_residuals
FN:269,matrix_to_axis_angle
FNF:10
FNDA:1,RollingShutterFramePose::pose_at_row
FNDA:0,RollingShutterFramePose::get_velocity
FNDA:3,RollingShutterBundleAdjustment::new
FNDA:1,RollingShutterBundleAdjustment::add_frame
FNDA:1,RollingShutterBundleAdjustment::add_world_point
FNDA:0,RollingShutterBundleAdjustment::reprojection_error_rs
FNDA:0,RollingShutterBundleAdjustment::reprojection_error_gs
FNDA:0,RollingShutterBundleAdjustment::jacobian_rs
FNDA:0,RollingShutterBundleAdjustment::accumulate_residuals
FNDA:0,matrix_to_axis_angle
DA:25,1
DA:26,2
DA:27,0
DA:30,2
DA:33,3
DA:34,1
DA:37,2
DA:39,4
DA:43,0
DA:44,0
DA:47,0
DA:50,0
DA:52,0
DA:71,3
DA:78,6
DA:79,6
DA:88,1
DA:96,2
DA:97,1
DA:98,1
DA:99,2
DA:100,2
DA:101,2
DA:102,1
DA:103,1
DA:109,1
DA:110,4
DA:114,0
DA:120,0
DA:121,0
DA:124,0
DA:125,0
DA:128,0
DA:131,0
DA:132,0
DA:136,0
DA:137,0
DA:139,0
DA:140,0
DA:142,0
DA:146,0
DA:152,0
DA:153,0
DA:156,0
DA:159,0
DA:162,0
DA:163,0
DA:167,0
DA:168,0
DA:170,0
DA:171,0
DA:173,0
DA:177,0
DA:185,0
DA:186,0
DA:189,0
DA:190,0
DA:192,0
DA:193,0
DA:197,0
DA:200,0
DA:201,0
DA:202,0
DA:203,0
DA:205,0
DA:207,0
DA:208,0
DA:210,0
DA:211,0
DA:214,0
DA:218,0
DA:219,0
DA:222,0
DA:226,0
DA:228,0
DA:232,0
DA:237,0
DA:238,0
DA:240,0
DA:241,0
DA:242,0
DA:244,0
DA:247,0
DA:248,0
DA:249,0
DA:250,0
DA:255,0
DA:256,0
DA:258,0
DA:261,0
DA:269,0
DA:270,0
DA:272,0
DA:274,0
DA:275,0
DA:278,0
DA:280,0
LF:97
LH:21
end_of_record
TN:
SF:/Users/vincent/Work/RS-VIO/src/vision/stereo_super_resolution.rs
FN:103,<impl Default for StereoSuperResolutionConfig>::default
FN:192,StereoSuperResolver::new
FN:217,StereoSuperResolver::refine_features
FN:292,StereoSuperResolver::refine_single_feature
FN:416,StereoSuperResolver::compute_adaptive_patch_size
FN:423,StereoSuperResolver::compute_adaptive_iterations
FN:432,StereoSuperResolver::extract_patch
FN:465,StereoSuperResolver::compute_ssd
FN:481,StereoSuperResolver::apply_motion_compensation
FN:513,StereoSuperResolver::apply_outlier_rejection
FN:522,StereoSuperResolver::get_accumulation_stats
FN:527,StereoSuperResolver::reset_accumulation
FNF:12
FNDA:16,<impl Default for StereoSuperResolutionConfig>::default
FNDA:16,StereoSuperResolver::new
FNDA:10,StereoSuperResolver::refine_features
FNDA:12,StereoSuperResolver::refine_single_feature
FNDA:13,StereoSuperResolver::compute_adaptive_patch_size
FNDA:13,StereoSuperResolver::compute_adaptive_iterations
FNDA:951,StereoSuperResolver::extract_patch
FNDA:938,StereoSuperResolver::compute_ssd
FNDA:12,StereoSuperResolver::apply_motion_compensation
FNDA:12,StereoSuperResolver::apply_outlier_rejection
FNDA:0,StereoSuperResolver::get_accumulation_stats
FNDA:3,StereoSuperResolver::reset_accumulation
DA:103,16
DA:192,16
DA:195,32
DA:197,16
DA:217,10
DA:230,10
DA:232,40
DA:235,40
DA:236,40
DA:239,54
DA:240,36
DA:241,36
DA:242,36
DA:243,12
DA:244,12
DA:245,12
DA:246,12
DA:247,12
DA:248,12
DA:249,12
DA:250,12
DA:251,12
DA:252,12
DA:253,12
DA:257,36
DA:259,48
DA:261,0
DA:265,24
DA:266,36
DA:268,0
DA:272,24
DA:273,36
DA:274,36
DA:275,24
DA:276,24
DA:279,36
DA:283,10
DA:284,0
DA:285,0
DA:288,10
DA:292,12
DA:306,24
DA:309,36
DA:310,12
DA:311,12
DA:312,12
DA:313,12
DA:314,12
DA:315,12
DA:318,24
DA:320,0
DA:321,0
DA:322,0
DA:323,0
DA:324,0
DA:325,0
DA:326,0
DA:327,0
DA:328,0
DA:329,0
DA:334,24
DA:335,24
DA:336,24
DA:337,24
DA:339,24
DA:341,12
DA:343,156
DA:344,156
DA:347,546
DA:348,2106
DA:349,1872
DA:350,1872
DA:352,2808
DA:353,936
DA:354,936
DA:355,936
DA:356,936
DA:357,936
DA:358,936
DA:361,1872
DA:362,0
DA:366,4680
DA:368,1104
DA:369,168
DA:370,168
DA:376,90
DA:377,24
DA:378,12
DA:382,78
DA:383,0
DA:388,36
DA:389,36
DA:392,36
DA:393,24
DA:395,48
DA:396,12
DA:398,24
DA:405,24
DA:409,12
DA:416,13
DA:417,39
DA:418,26
DA:419,26
DA:423,13
DA:424,39
DA:425,26
DA:426,26
DA:428,39
DA:432,951
DA:441,1902
DA:443,1902
DA:444,2853
DA:445,1902
DA:446,2853
DA:448,1902
DA:449,0
DA:452,14023
DA:453,181879
DA:454,315274
DA:455,472911
DA:456,315274
DA:461,951
DA:465,938
DA:466,2814
DA:467,0
DA:470,938
DA:472,2814
DA:473,156538
DA:474,311200
DA:475,155600
DA:481,12
DA:487,20
DA:488,20
DA:489,12
DA:490,8
DA:495,12
DA:496,12
DA:499,12
DA:500,4
DA:503,24
DA:504,24
DA:505,12
DA:506,12
DA:509,12
DA:513,12
DA:514,18
DA:515,6
DA:516,6
DA:518,12
DA:522,0
DA:523,0
DA:527,3
DA:528,6
DA:529,6
DA:530,3
LF:155
LH:135
end_of_record
TN:
SF:/Users/vincent/Work/RS-VIO/src/vision/subpixel_disparity.rs
FN:43,<impl Default for PatchMatchingConfig>::default
FN:64,ImagePyramid::build
FN:119,ImagePyramid::get_level
FN:124,ImagePyramid::get_dims
FN:133,ImagePyramid::num_levels
FN:144,SubPixelDisparityRefiner::new
FN:149,SubPixelDisparityRefiner::refine_disparity
FN:214,SubPixelDisparityRefiner::gauss_newton_refinement
FN:298,SubPixelDisparityRefiner::compute_gradient_x
FN:316,SubPixelDisparityRefiner::huber_loss
FN:326,SubPixelDisparityRefiner::compute_peak_sharpness
FN:376,SubPixelDisparityRefiner::compute_photometric_error
FNF:12
FNDA:6,<impl Default for PatchMatchingConfig>::default
FNDA:1,ImagePyramid::build
FNDA:0,ImagePyramid::get_level
FNDA:3,ImagePyramid::get_dims
FNDA:1,ImagePyramid::num_levels
FNDA:5,SubPixelDisparityRefiner::new
FNDA:0,SubPixelDisparityRefiner::refine_disparity
FNDA:0,SubPixelDisparityRefiner::gauss_newton_refinement
FNDA:0,SubPixelDisparityRefiner::compute_gradient_x
FNDA:0,SubPixelDisparityRefiner::huber_loss
FNDA:0,SubPixelDisparityRefiner::compute_peak_sharpness
FNDA:0,SubPixelDisparityRefiner::compute_photometric_error
DA:43,6
DA:64,1
DA:65,4
DA:66,3
DA:67,3
DA:69,3
DA:70,2
DA:71,2
DA:73,1
DA:74,4
DA:75,4
DA:77,6
DA:80,8
DA:81,26
DA:82,40
DA:83,40
DA:85,100
DA:86,200
DA:87,160
DA:88,160
DA:90,240
DA:91,240
DA:92,80
DA:93,80
DA:98,40
DA:99,40
DA:103,8
DA:104,6
DA:105,6
DA:106,4
DA:107,2
DA:108,2
DA:119,0
DA:120,0
DA:124,3
DA:125,6
DA:126,6
DA:128,0
DA:133,1
DA:134,2
DA:144,5
DA:149,0
DA:160,0
DA:161,0
DA:162,0
DA:163,0
DA:166,0
DA:167,0
DA:169,0
DA:170,0
DA:171,0
DA:172,0
DA:173,0
DA:174,0
DA:177,0
DA:178,0
DA:179,0
DA:180,0
DA:181,0
DA:182,0
DA:183,0
DA:184,0
DA:187,0
DA:188,0
DA:190,0
DA:191,0
DA:196,0
DA:197,0
DA:199,0
DA:200,0
DA:204,0
DA:205,0
DA:214,0
DA:224,0
DA:225,0
DA:227,0
DA:229,0
DA:230,0
DA:231,0
DA:232,0
DA:234,0
DA:235,0
DA:236,0
DA:237,0
DA:239,0
DA:240,0
DA:244,0
DA:245,0
DA:247,0
DA:248,0
DA:251,0
DA:252,0
DA:254,0
DA:255,0
DA:258,0
DA:259,0
DA:261,0
DA:262,0
DA:266,0
DA:268,0
DA:269,0
DA:270,0
DA:271,0
DA:275,0
DA:276,0
DA:280,0
DA:281,0
DA:282,0
DA:284,0
DA:286,0
DA:287,0
DA:290,0
DA:294,0
DA:298,0
DA:299,0
DA:301,0
DA:302,0
DA:305,0
DA:306,0
DA:308,0
DA:309,0
DA:312,0
DA:316,0
DA:317,0
DA:318,0
DA:319,0
DA:321,0
DA:326,0
DA:335,0
DA:336,0
DA:337,0
DA:339,0
DA:340,0
DA:341,0
DA:342,0
DA:344,0
DA:345,0
DA:348,0
DA:349,0
DA:351,0
DA:352,0
DA:355,0
DA:356,0
DA:358,0
DA:359,0
DA:360,0
DA:361,0
DA:366,0
DA:367,0
DA:371,0
DA:372,0
DA:376,0
DA:385,0
DA:386,0
DA:387,0
DA:389,0
DA:390,0
DA:391,0
DA:392,0
DA:394,0
DA:395,0
DA:398,0
DA:399,0
DA:401,0
DA:402,0
DA:405,0
DA:406,0
DA:408,0
DA:409,0
DA:410,0
DA:411,0
DA:416,0
DA:417,0
DA:420,0
LF:174
LH:38
end_of_record
TN:
SF:/Users/vincent/Work/RS-VIO/src/vision/temporal_super_resolution.rs
FN:61,<impl Default for TemporalSuperResolutionConfig>::default
FN:135,TemporalSuperResolution::new
FN:163,TemporalSuperResolution::process_frame
FN:234,TemporalSuperResolution::estimate_pixel_motion
FN:260,TemporalSuperResolution::accumulate_frame
FN:331,TemporalSuperResolution::fuse_frames
FN:386,TemporalSuperResolution::apply_denoising
FN:426,TemporalSuperResolution::compute_temporal_consistency
FN:444,TemporalSuperResolution::stats
FN:455,TemporalSuperResolution::reset
FNF:10
FNDA:4,<impl Default for TemporalSuperResolutionConfig>::default
FNDA:4,TemporalSuperResolution::new
FNDA:8,TemporalSuperResolution::process_frame
FNDA:8,TemporalSuperResolution::estimate_pixel_motion
FNDA:7,TemporalSuperResolution::accumulate_frame
FNDA:4,TemporalSuperResolution::fuse_frames
FNDA:4,TemporalSuperResolution::apply_denoising
FNDA:4,TemporalSuperResolution::compute_temporal_consistency
FNDA:3,TemporalSuperResolution::stats
FNDA:1,TemporalSuperResolution::reset
DA:61,4
DA:135,4
DA:138,8
DA:163,8
DA:174,8
DA:175,40
DA:178,24
DA:179,8
DA:180,1
DA:181,1
DA:182,0
DA:186,1
DA:190,17
DA:191,3
DA:195,28
DA:196,11
DA:197,8
DA:198,4
DA:199,0
DA:200,0
DA:202,4
DA:207,56
DA:210,7
DA:211,3
DA:215,20
DA:218,4
DA:219,0
DA:220,0
DA:221,0
DA:222,0
DA:223,0
DA:224,0
DA:225,0
DA:229,4
DA:230,4
DA:234,8
DA:240,8
DA:241,0
DA:246,16
DA:247,16
DA:252,16
DA:253,16
DA:254,16
DA:256,24
DA:260,7
DA:269,14
DA:272,21
DA:273,14
DA:274,14
DA:276,1087
DA:277,368280
DA:279,1836000
DA:280,1836000
DA:283,734400
DA:284,734400
DA:285,1468800
DA:286,1468800
DA:288,734400
DA:289,734400
DA:291,734400
DA:292,734400
DA:293,734400
DA:294,734400
DA:295,734400
DA:297,734400
DA:298,1101600
DA:299,1101600
DA:300,1101600
DA:301,1101600
DA:303,1468800
DA:304,1468800
DA:305,1101600
DA:311,14
DA:312,14
DA:313,14
DA:314,14
DA:316,21
DA:317,14
DA:318,28
DA:319,14
DA:320,7
DA:321,7
DA:325,14
DA:326,0
DA:331,4
DA:332,8
DA:333,12
DA:336,24
DA:337,16
DA:338,46
DA:341,12
DA:342,16
DA:344,38
DA:345,26
DA:346,1281600
DA:347,52
DA:349,1281600
DA:350,1281600
DA:351,1281600
DA:352,427200
DA:357,337204
DA:358,674400
DA:359,674400
DA:364,8
DA:365,20
DA:369,8
DA:370,12
DA:371,12
DA:374,8
DA:376,12
DA:378,4
DA:382,4
DA:386,4
DA:387,8
DA:388,12
DA:389,8
DA:393,12
DA:395,8
DA:396,8
DA:398,780
DA:399,335320
DA:400,667552
DA:401,667552
DA:403,1335104
DA:404,4005312
DA:405,6007968
DA:406,6007968
DA:407,6007968
DA:408,6007968
DA:409,3003984
DA:410,3003984
DA:415,667552
DA:416,667552
DA:417,667552
DA:418,1335104
DA:422,4
DA:426,4
DA:427,4
DA:428,1
DA:432,6
DA:433,24
DA:434,45
DA:435,9
DA:437,3
DA:440,6
DA:444,3
DA:446,9
DA:447,6
DA:448,6
DA:449,6
DA:450,3
DA:455,1
DA:456,2
DA:457,2
DA:458,1
LF:155
LH:143
end_of_record
TN:
SF:/Users/vincent/Work/RS-VIO/src/vision/visualization.rs
FN:28,TrackingComparison::new
FN:40,TrackingComparison::add_frame
FN:58,TrackingComparison::export_csv
FN:80,TrackingComparison::compute_stats
FN:128,DisparityComparison::new
FN:141,DisparityComparison::add_feature
FN:161,DisparityComparison::export_csv
FN:187,DisparityComparison::compute_stats
FN:237,RollingShutterComparison::new
FN:248,RollingShutterComparison::add_frame
FN:264,RollingShutterComparison::export_csv
FN:288,RollingShutterComparison::compute_stats
FN:343,generate_plot_script
FNF:13
FNDA:1,TrackingComparison::new
FNDA:2,TrackingComparison::add_frame
FNDA:0,TrackingComparison::export_csv
FNDA:1,TrackingComparison::compute_stats
FNDA:1,DisparityComparison::new
FNDA:2,DisparityComparison::add_feature
FNDA:0,DisparityComparison::export_csv
FNDA:1,DisparityComparison::compute_stats
FNDA:1,RollingShutterComparison::new
FNDA:2,RollingShutterComparison::add_frame
FNDA:0,RollingShutterComparison::export_csv
FNDA:1,RollingShutterComparison::compute_stats
FNDA:0,generate_plot_script
DA:28,1
DA:30,2
DA:31,2
DA:32,2
DA:33,2
DA:34,1
DA:35,1
DA:40,2
DA:49,6
DA:50,6
DA:51,6
DA:52,6
DA:53,6
DA:54,6
DA:58,0
DA:59,0
DA:61,0
DA:63,0
DA:64,0
DA:65,0
DA:67,0
DA:68,0
DA:69,0
DA:70,0
DA:71,0
DA:72,0
DA:76,0
DA:80,1
DA:81,1
DA:82,2
DA:83,1
DA:84,2
DA:86,2
DA:88,1
DA:89,3
DA:128,1
DA:130,2
DA:131,2
DA:132,2
DA:133,2
DA:134,2
DA:135,1
DA:136,1
DA:141,2
DA:151,6
DA:152,6
DA:153,6
DA:154,6
DA:155,6
DA:156,6
DA:157,6
DA:161,0
DA:162,0
DA:164,0
DA:165,0
DA:169,0
DA:170,0
DA:171,0
DA:173,0
DA:174,0
DA:175,0
DA:176,0
DA:177,0
DA:178,0
DA:179,0
DA:183,0
DA:187,1
DA:188,3
DA:189,1
DA:191,2
DA:192,5
DA:195,4
DA:197,1
DA:198,3
DA:199,1
DA:200,3
DA:202,2
DA:237,1
DA:239,2
DA:240,2
DA:241,2
DA:242,1
DA:243,1
DA:248,2
DA:256,6
DA:257,6
DA:258,6
DA:259,6
DA:260,6
DA:264,0
DA:265,0
DA:267,0
DA:268,0
DA:272,0
DA:273,0
DA:274,0
DA:276,0
DA:277,0
DA:278,0
DA:279,0
DA:280,0
DA:284,0
DA:288,1
DA:289,4
DA:290,4
DA:292,2
DA:295,3
DA:296,1
DA:299,3
DA:300,1
DA:303,2
DA:304,1
DA:305,1
DA:306,2
DA:307,1
DA:308,1
DA:310,0
DA:313,2
DA:314,1
DA:315,1
DA:316,2
DA:317,1
DA:318,1
DA:320,0
DA:343,0
DA:344,0
DA:530,0
DA:531,0
DA:537,0
DA:538,0
DA:539,0
DA:540,0
DA:543,0
LF:133
LH:81
end_of_record
